{'body_part': 'board', 'category': 'gesture', 'content': '21: "桌面右划"', 'speed': 'medium', 'trial_index': 1, 'start': 253.70783099, 'end': 254.352377375, 'duration_s': 0.6445463850000124, 'qualified': True}
{'body_part': 'board', 'category': 'gesture', 'content': '5: "空中点击"', 'speed': 'medium', 'trial_index': 2, 'start': 254.997609306, 'end': 255.380513197, 'duration_s': 0.3829038910000122, 'qualified': False}
{'body_part': 'board', 'category': 'gesture', 'content': '3: "向左挥手"', 'speed': 'medium', 'trial_index': 3, 'start': 255.954820982, 'end': 256.259875247, 'duration_s': 0.30505426500002386, 'qualified': False}
{'body_part': 'board', 'category': 'gesture', 'content': '13: "手指顺时针划圈"', 'speed': 'medium', 'trial_index': 4, 'start': 257.327563251, 'end': 257.767968438, 'duration_s': 0.4404051870000103, 'qualified': True}
{'body_part': 'board', 'category': 'gesture', 'content': '16: "打响指"', 'speed': 'medium', 'trial_index': 5, 'start': 258.302026454, 'end': 258.702947062, 'duration_s': 0.40092060800003537, 'qualified': True}
{'body_part': 'board', 'category': 'gesture', 'content': '23: "桌面下划"', 'speed': 'medium', 'trial_index': 6, 'start': 258.72887485, 'end': 258.754184998, 'duration_s': 0.025310148000016852, 'qualified': False}
{'body_part': 'board', 'category': 'gesture', 'content': '18: "拇指中指捏合"', 'speed': 'medium', 'trial_index': 7, 'start': 258.77900288, 'end': 258.804646191, 'duration_s': 0.02564331100001027, 'qualified': False}
{'body_part': 'board', 'category': 'gesture', 'content': '7: "向前推掌（停止）"', 'speed': 'medium', 'trial_index': 8, 'start': 258.830538008, 'end': 258.856556052, 'duration_s': 0.026018043999954443, 'qualified': False}
{'body_part': 'board', 'category': 'gesture', 'content': '31: "拇指下划"', 'speed': 'medium', 'trial_index': 9, 'start': 258.882644596, 'end': 258.907935964, 'duration_s': 0.02529136800001197, 'qualified': False}
{'body_part': 'board', 'category': 'gesture', 'content': '10: "翻转手掌"', 'speed': 'medium', 'trial_index': 10, 'start': 258.933528352, 'end': 258.960004929, 'duration_s': 0.026476576999982626, 'qualified': False}
{'body_part': 'board', 'category': 'gesture', 'content': '22: "桌面上划"', 'speed': 'medium', 'trial_index': 11, 'start': 258.985315516, 'end': 259.010487012, 'duration_s': 0.025171495999984472, 'qualified': False}
{'body_part': 'board', 'category': 'gesture', 'content': '8: "双指捏合（pinch）"', 'speed': 'medium', 'trial_index': 12, 'start': 259.036017498, 'end': 259.061201352, 'duration_s': 0.025183854000033534, 'qualified': False}
{'body_part': 'board', 'category': 'gesture', 'content': '15: "拍手"', 'speed': 'medium', 'trial_index': 13, 'start': 259.08642885, 'end': 259.112456136, 'duration_s': 0.02602728599998727, 'qualified': False}
{'body_part': 'board', 'category': 'gesture', 'content': '2: "向下挥手"', 'speed': 'medium', 'trial_index': 14, 'start': 259.138317397, 'end': 259.163264051, 'duration_s': 0.024946654000018498, 'qualified': False}
{'body_part': 'board', 'category': 'gesture', 'content': '24: "戒指表面上划"', 'speed': 'medium', 'trial_index': 15, 'start': 259.189112314, 'end': 259.214358017, 'duration_s': 0.025245702999995956, 'qualified': False}
{'body_part': 'board', 'category': 'gesture', 'content': '28: "拇指左划“', 'speed': 'medium', 'trial_index': 16, 'start': 259.239478149, 'end': 259.265282532, 'duration_s': 0.02580438300003607, 'qualified': False}
{'body_part': 'board', 'category': 'gesture', 'content': '25: "戒指表面下划"', 'speed': 'medium', 'trial_index': 17, 'start': 259.290787786, 'end': 259.31604666, 'duration_s': 0.02525887399997373, 'qualified': False}
{'body_part': 'board', 'category': 'gesture', 'content': '30: "拇指上划"', 'speed': 'medium', 'trial_index': 18, 'start': 259.341220683, 'end': 259.366950913, 'duration_s': 0.025730229999965104, 'qualified': False}
{'body_part': 'board', 'category': 'gesture', 'content': '19: "拇指无名指捏合"', 'speed': 'medium', 'trial_index': 19, 'start': 259.391903503, 'end': 259.41725466, 'duration_s': 0.025351157000045532, 'qualified': False}
{'body_part': 'board', 'category': 'gesture', 'content': '12: "手腕逆时针划圈"', 'speed': 'medium', 'trial_index': 20, 'start': 259.442534363, 'end': 259.468514985, 'duration_s': 0.02598062200002005, 'qualified': False}
{'body_part': 'board', 'category': 'gesture', 'content': '11: "手腕顺时针划圈"', 'speed': 'medium', 'trial_index': 21, 'start': 259.494160937, 'end': 259.519094886, 'duration_s': 0.02493394900000112, 'qualified': False}
{'body_part': 'board', 'category': 'gesture', 'content': '4: "向上挥手"', 'speed': 'medium', 'trial_index': 22, 'start': 259.54455706, 'end': 259.570827614, 'duration_s': 0.026270554000006996, 'qualified': False}
{'body_part': 'board', 'category': 'gesture', 'content': '6: "桌面点击"', 'speed': 'medium', 'trial_index': 23, 'start': 259.59585354, 'end': 259.621147525, 'duration_s': 0.025293985000018893, 'qualified': False}
{'body_part': 'board', 'category': 'gesture', 'content': '27: "捏合放开（pinch up）"', 'speed': 'medium', 'trial_index': 24, 'start': 259.646023842, 'end': 259.671399348, 'duration_s': 0.02537550600004579, 'qualified': False}
{'body_part': 'board', 'category': 'gesture', 'content': '1: "向右挥手"', 'speed': 'medium', 'trial_index': 25, 'start': 259.697624204, 'end': 259.723262945, 'duration_s': 0.025638740999966103, 'qualified': False}
{'body_part': 'board', 'category': 'gesture', 'content': '20: "桌面左划"', 'speed': 'medium', 'trial_index': 26, 'start': 259.749609914, 'end': 259.774702364, 'duration_s': 0.025092449999988276, 'qualified': False}
{'body_part': 'board', 'category': 'gesture', 'content': '17: "竖大拇指"', 'speed': 'medium', 'trial_index': 27, 'start': 259.800930572, 'end': 259.826041413, 'duration_s': 0.025110840999957418, 'qualified': False}
{'body_part': 'board', 'category': 'gesture', 'content': '29: "拇指右划"', 'speed': 'medium', 'trial_index': 28, 'start': 259.851179637, 'end': 259.876610363, 'duration_s': 0.025430726000024606, 'qualified': False}
{'body_part': 'board', 'category': 'gesture', 'content': '26: "捏合捏住（pinch down）"', 'speed': 'medium', 'trial_index': 29, 'start': 259.90186268, 'end': 259.927040189, 'duration_s': 0.025177509000002374, 'qualified': False}
{'body_part': 'board', 'category': 'gesture', 'content': '14: "手指逆时针划圈"', 'speed': 'medium', 'trial_index': 30, 'start': 260.199576825, 'end': 260.434471382, 'duration_s': 0.23489455700001827, 'qualified': False}
{'body_part': 'board', 'category': 'gesture', 'content': '9: "握拳"', 'speed': 'medium', 'trial_index': 31, 'start': 260.625011645, 'end': 260.853062541, 'duration_s': 0.22805089600001338, 'qualified': False}
{'body_part': 'board', 'category': 'gesture', 'content': '29: "拇指右划"', 'speed': 'fast', 'trial_index': 1, 'start': 262.275698606, 'end': 262.728853518, 'duration_s': 0.45315491200000224, 'qualified': True}
{'body_part': 'board', 'category': 'gesture', 'content': '11: "手腕顺时针划圈"', 'speed': 'fast', 'trial_index': 2, 'start': 263.150814577, 'end': 263.178373828, 'duration_s': 0.027559251000013774, 'qualified': False}
{'body_part': 'board', 'category': 'gesture', 'content': '22: "桌面上划"', 'speed': 'fast', 'trial_index': 3, 'start': 263.201752328, 'end': 263.227320632, 'duration_s': 0.02556830399998944, 'qualified': False}
{'body_part': 'board', 'category': 'gesture', 'content': '30: "拇指上划"', 'speed': 'fast', 'trial_index': 4, 'start': 263.25298221, 'end': 263.278067955, 'duration_s': 0.02508574499995575, 'qualified': False}
{'body_part': 'board', 'category': 'gesture', 'content': '25: "戒指表面下划"', 'speed': 'fast', 'trial_index': 5, 'start': 263.303421749, 'end': 263.329613451, 'duration_s': 0.026191702000005535, 'qualified': False}
{'body_part': 'board', 'category': 'gesture', 'content': '9: "握拳"', 'speed': 'fast', 'trial_index': 6, 'start': 263.355327845, 'end': 263.381020773, 'duration_s': 0.025692928000012216, 'qualified': False}
{'body_part': 'board', 'category': 'gesture', 'content': '24: "戒指表面上划"', 'speed': 'fast', 'trial_index': 7, 'start': 263.406180256, 'end': 263.431120815, 'duration_s': 0.024940558999958284, 'qualified': False}
{'body_part': 'board', 'category': 'gesture', 'content': '8: "双指捏合（pinch）"', 'speed': 'fast', 'trial_index': 8, 'start': 263.456105521, 'end': 263.481414333, 'duration_s': 0.025308811999991576, 'qualified': False}
{'body_part': 'board', 'category': 'gesture', 'content': '27: "捏合放开（pinch up）"', 'speed': 'fast', 'trial_index': 9, 'start': 263.729502863, 'end': 263.985320146, 'duration_s': 0.25581728299999895, 'qualified': False}
{'body_part': 'board', 'category': 'gesture', 'content': '10: "翻转手掌"', 'speed': 'fast', 'trial_index': 10, 'start': 264.255760157, 'end': 264.537919843, 'duration_s': 0.28215968599999997, 'qualified': False}
{'body_part': 'board', 'category': 'gesture', 'content': '13: "手指顺时针划圈"', 'speed': 'fast', 'trial_index': 11, 'start': 265.035363089, 'end': 265.437223809, 'duration_s': 0.40186072000000195, 'qualified': True}
{'body_part': 'board', 'category': 'gesture', 'content': '18: "拇指中指捏合"', 'speed': 'fast', 'trial_index': 12, 'start': 265.462355149, 'end': 265.48787835, 'duration_s': 0.025523200999998608, 'qualified': False}
{'body_part': 'board', 'category': 'gesture', 'content': '7: "向前推掌（停止）"', 'speed': 'fast', 'trial_index': 13, 'start': 265.513175155, 'end': 265.538161313, 'duration_s': 0.024986157999990155, 'qualified': False}
{'body_part': 'board', 'category': 'gesture', 'content': '6: "桌面点击"', 'speed': 'fast', 'trial_index': 14, 'start': 265.563029216, 'end': 265.58856105, 'duration_s': 0.025531833999991704, 'qualified': False}
{'body_part': 'board', 'category': 'gesture', 'content': '2: "向下挥手"', 'speed': 'fast', 'trial_index': 15, 'start': 265.614020428, 'end': 265.639179963, 'duration_s': 0.025159535000000233, 'qualified': False}
{'body_part': 'board', 'category': 'gesture', 'content': '12: "手腕逆时针划圈"', 'speed': 'fast', 'trial_index': 16, 'start': 265.664725423, 'end': 265.689721143, 'duration_s': 0.024995719999992616, 'qualified': False}
{'body_part': 'board', 'category': 'gesture', 'content': '31: "拇指下划"', 'speed': 'fast', 'trial_index': 17, 'start': 265.715190734, 'end': 265.740798571, 'duration_s': 0.025607837000052314, 'qualified': False}
{'body_part': 'board', 'category': 'gesture', 'content': '16: "打响指"', 'speed': 'fast', 'trial_index': 18, 'start': 265.765896835, 'end': 265.791373538, 'duration_s': 0.025476703000038015, 'qualified': False}
{'body_part': 'board', 'category': 'gesture', 'content': '14: "手指逆时针划圈"', 'speed': 'fast', 'trial_index': 19, 'start': 265.816619035, 'end': 265.841592881, 'duration_s': 0.02497384600002306, 'qualified': False}
{'body_part': 'board', 'category': 'gesture', 'content': '5: "空中点击"', 'speed': 'fast', 'trial_index': 20, 'start': 265.868189159, 'end': 265.893418611, 'duration_s': 0.025229452000019137, 'qualified': False}
{'body_part': 'board', 'category': 'gesture', 'content': '19: "拇指无名指捏合"', 'speed': 'fast', 'trial_index': 21, 'start': 265.91999754, 'end': 265.945399456, 'duration_s': 0.025401916000021174, 'qualified': False}
{'body_part': 'board', 'category': 'gesture', 'content': '28: "拇指左划“', 'speed': 'fast', 'trial_index': 22, 'start': 265.971100495, 'end': 265.996382785, 'duration_s': 0.025282290000006924, 'qualified': False}
{'body_part': 'board', 'category': 'gesture', 'content': '20: "桌面左划"', 'speed': 'fast', 'trial_index': 23, 'start': 266.021671581, 'end': 266.048108647, 'duration_s': 0.02643706599997131, 'qualified': False}
{'body_part': 'board', 'category': 'gesture', 'content': '1: "向右挥手"', 'speed': 'fast', 'trial_index': 24, 'start': 266.073079907, 'end': 266.097852357, 'duration_s': 0.02477245000000039, 'qualified': False}
{'body_part': 'board', 'category': 'gesture', 'content': '26: "捏合捏住（pinch down）"', 'speed': 'fast', 'trial_index': 25, 'start': 266.123298652, 'end': 266.148572763, 'duration_s': 0.025274110999987442, 'qualified': False}
{'body_part': 'board', 'category': 'gesture', 'content': '4: "向上挥手"', 'speed': 'fast', 'trial_index': 26, 'start': 266.174336895, 'end': 266.200157761, 'duration_s': 0.02582086600000366, 'qualified': False}
{'body_part': 'board', 'category': 'gesture', 'content': '23: "桌面下划"', 'speed': 'fast', 'trial_index': 27, 'start': 266.224840156, 'end': 266.250448039, 'duration_s': 0.02560788299996375, 'qualified': False}
{'body_part': 'board', 'category': 'gesture', 'content': '15: "拍手"', 'speed': 'fast', 'trial_index': 28, 'start': 266.275594994, 'end': 266.301196702, 'duration_s': 0.025601708000010603, 'qualified': False}
{'body_part': 'board', 'category': 'gesture', 'content': '21: "桌面右划"', 'speed': 'fast', 'trial_index': 29, 'start': 266.32600138, 'end': 266.351332922, 'duration_s': 0.025331542000003537, 'qualified': False}
{'body_part': 'board', 'category': 'gesture', 'content': '17: "竖大拇指"', 'speed': 'fast', 'trial_index': 30, 'start': 266.377123576, 'end': 266.401506321, 'duration_s': 0.024382745000025352, 'qualified': False}
{'body_part': 'board', 'category': 'gesture', 'content': '3: "向左挥手"', 'speed': 'fast', 'trial_index': 31, 'start': 266.427256931, 'end': 266.453499618, 'duration_s': 0.026242687000035403, 'qualified': False}
