{'body_part': 'board', 'category': 'gesture', 'content': '29: "拇指右划"', 'speed': 'medium', 'trial_index': 1, 'start': 8093.916842911, 'end': 8096.809090398, 'duration_s': 2.8922474870005317, 'qualified': True}
{'body_part': 'board', 'category': 'gesture', 'content': '18: "拇指中指捏合"', 'speed': 'medium', 'trial_index': 2, 'start': 8099.137805437, 'end': 8101.60674228, 'duration_s': 2.4689368429999377, 'qualified': True}
{'body_part': 'board', 'category': 'gesture', 'content': '10: "翻转手掌"', 'speed': 'medium', 'trial_index': 3, 'start': 8102.407624463, 'end': 8104.588029773, 'duration_s': 2.180405310000424, 'qualified': True}
{'body_part': 'board', 'category': 'gesture', 'content': '13: "手指顺时针划圈"', 'speed': 'medium', 'trial_index': 4, 'start': 8107.567961682, 'end': 8110.074179431, 'duration_s': 2.506217748999916, 'qualified': True}
{'body_part': 'board', 'category': 'gesture', 'content': '23: "桌面下划"', 'speed': 'medium', 'trial_index': 5, 'start': 8113.42338975, 'end': 8116.275659245, 'duration_s': 2.852269494999746, 'qualified': True}
{'body_part': 'board', 'category': 'gesture', 'content': '2: "向下挥手"', 'speed': 'medium', 'trial_index': 6, 'start': 8120.477960943, 'end': 8120.909446344, 'duration_s': 0.43148540099991806, 'qualified': True}
{'body_part': 'board', 'category': 'gesture', 'content': '7: "向前推掌（停止）"', 'speed': 'medium', 'trial_index': 7, 'start': 8120.935228175, 'end': 8120.960534838, 'duration_s': 0.025306663000264962, 'qualified': False}
{'body_part': 'board', 'category': 'gesture', 'content': '5: "空中点击"', 'speed': 'medium', 'trial_index': 8, 'start': 8120.987014918, 'end': 8121.012583433, 'duration_s': 0.025568515000486514, 'qualified': False}
{'body_part': 'board', 'category': 'gesture', 'content': '1: "向右挥手"', 'speed': 'medium', 'trial_index': 9, 'start': 8121.03922563, 'end': 8121.064017652, 'duration_s': 0.024792021999928693, 'qualified': False}
{'body_part': 'board', 'category': 'gesture', 'content': '8: "双指捏合（pinch）"', 'speed': 'medium', 'trial_index': 10, 'start': 8121.089529492, 'end': 8121.115934046, 'duration_s': 0.026404553999782365, 'qualified': False}
{'body_part': 'board', 'category': 'gesture', 'content': '4: "向上挥手"', 'speed': 'medium', 'trial_index': 11, 'start': 8121.14132923, 'end': 8121.16657021, 'duration_s': 0.025240979999580304, 'qualified': False}
{'body_part': 'board', 'category': 'gesture', 'content': '16: "打响指"', 'speed': 'medium', 'trial_index': 12, 'start': 8121.192473456, 'end': 8121.21841968, 'duration_s': 0.025946224000108487, 'qualified': False}
{'body_part': 'board', 'category': 'gesture', 'content': '19: "拇指无名指捏合"', 'speed': 'medium', 'trial_index': 13, 'start': 8121.243831729, 'end': 8121.270328598, 'duration_s': 0.026496868999856815, 'qualified': False}
{'body_part': 'board', 'category': 'gesture', 'content': '12: "手腕逆时针划圈"', 'speed': 'medium', 'trial_index': 14, 'start': 8121.296010974, 'end': 8121.321515966, 'duration_s': 0.025504992000605853, 'qualified': False}
{'body_part': 'board', 'category': 'gesture', 'content': '15: "拍手"', 'speed': 'medium', 'trial_index': 15, 'start': 8121.346628099, 'end': 8121.371949416, 'duration_s': 0.02532131699990714, 'qualified': False}
{'body_part': 'board', 'category': 'gesture', 'content': '22: "桌面上划"', 'speed': 'medium', 'trial_index': 16, 'start': 8121.398876935, 'end': 8121.422929527, 'duration_s': 0.02405259199986176, 'qualified': False}
{'body_part': 'board', 'category': 'gesture', 'content': '26: "捏合捏住（pinch down）"', 'speed': 'medium', 'trial_index': 17, 'start': 8121.448650583, 'end': 8121.474918081, 'duration_s': 0.02626749800037942, 'qualified': False}
{'body_part': 'board', 'category': 'gesture', 'content': '30: "拇指上划"', 'speed': 'medium', 'trial_index': 18, 'start': 8121.500759588, 'end': 8121.527247032, 'duration_s': 0.026487443999940297, 'qualified': False}
{'body_part': 'board', 'category': 'gesture', 'content': '21: "桌面右划"', 'speed': 'medium', 'trial_index': 19, 'start': 8121.552157136, 'end': 8121.578603189, 'duration_s': 0.0264460530006545, 'qualified': False}
{'body_part': 'board', 'category': 'gesture', 'content': '17: "竖大拇指"', 'speed': 'medium', 'trial_index': 20, 'start': 8122.025511191, 'end': 8122.265138618, 'duration_s': 0.23962742699950468, 'qualified': False}
{'body_part': 'board', 'category': 'gesture', 'content': '3: "向左挥手"', 'speed': 'medium', 'trial_index': 21, 'start': 8122.696641277, 'end': 8122.722544556, 'duration_s': 0.025903278999976465, 'qualified': False}
{'body_part': 'board', 'category': 'gesture', 'content': '31: "拇指下划"', 'speed': 'medium', 'trial_index': 22, 'start': 8122.748583867, 'end': 8122.774502668, 'duration_s': 0.025918801000443636, 'qualified': False}
{'body_part': 'board', 'category': 'gesture', 'content': '6: "桌面点击"', 'speed': 'medium', 'trial_index': 23, 'start': 8122.801192973, 'end': 8122.826848633, 'duration_s': 0.025655659999756608, 'qualified': False}
{'body_part': 'board', 'category': 'gesture', 'content': '25: "戒指表面下划"', 'speed': 'medium', 'trial_index': 24, 'start': 8122.853075337, 'end': 8122.879146624, 'duration_s': 0.026071287000377197, 'qualified': False}
{'body_part': 'board', 'category': 'gesture', 'content': '20: "桌面左划"', 'speed': 'medium', 'trial_index': 25, 'start': 8122.904005258, 'end': 8122.930243692, 'duration_s': 0.02623843399942416, 'qualified': False}
{'body_part': 'board', 'category': 'gesture', 'content': '27: "捏合放开（pinch up）"', 'speed': 'medium', 'trial_index': 26, 'start': 8122.95651013, 'end': 8122.980869161, 'duration_s': 0.02435903099922143, 'qualified': False}
{'body_part': 'board', 'category': 'gesture', 'content': '24: "戒指表面上划"', 'speed': 'medium', 'trial_index': 27, 'start': 8123.005993972, 'end': 8123.032617531, 'duration_s': 0.026623558999745, 'qualified': False}
{'body_part': 'board', 'category': 'gesture', 'content': '28: "拇指左划“', 'speed': 'medium', 'trial_index': 28, 'start': 8123.058041, 'end': 8123.084475798, 'duration_s': 0.026434798000082083, 'qualified': False}
{'body_part': 'board', 'category': 'gesture', 'content': '9: "握拳"', 'speed': 'medium', 'trial_index': 29, 'start': 8123.111125829, 'end': 8123.136138499, 'duration_s': 0.025012669999341597, 'qualified': False}
{'body_part': 'board', 'category': 'gesture', 'content': '11: "手腕顺时针划圈"', 'speed': 'medium', 'trial_index': 30, 'start': 8123.161289837, 'end': 8123.18724049, 'duration_s': 0.02595065299919952, 'qualified': False}
{'body_part': 'board', 'category': 'gesture', 'content': '14: "手指逆时针划圈"', 'speed': 'medium', 'trial_index': 31, 'start': 8123.549342517, 'end': 8124.019360303, 'duration_s': 0.470017786000426, 'qualified': True}
{'body_part': 'board', 'category': 'gesture', 'content': '8: "双指捏合（pinch）"', 'speed': 'medium', 'trial_index': 32, 'start': 8124.450281921, 'end': 8124.476213915, 'duration_s': 0.025931993999620317, 'qualified': False}
{'body_part': 'board', 'category': 'gesture', 'content': '15: "拍手"', 'speed': 'medium', 'trial_index': 33, 'start': 8124.501484791, 'end': 8124.527373055, 'duration_s': 0.02588826400005928, 'qualified': False}
{'body_part': 'board', 'category': 'gesture', 'content': '18: "拇指中指捏合"', 'speed': 'medium', 'trial_index': 34, 'start': 8124.552106926, 'end': 8124.57729515, 'duration_s': 0.02518822399997589, 'qualified': False}
{'body_part': 'board', 'category': 'gesture', 'content': '20: "桌面左划"', 'speed': 'medium', 'trial_index': 35, 'start': 8124.602506238, 'end': 8124.62757213, 'duration_s': 0.025065891999474843, 'qualified': False}
{'body_part': 'board', 'category': 'gesture', 'content': '11: "手腕顺时针划圈"', 'speed': 'medium', 'trial_index': 36, 'start': 8124.653147376, 'end': 8124.678499707, 'duration_s': 0.02535233100024925, 'qualified': False}
{'body_part': 'board', 'category': 'gesture', 'content': '23: "桌面下划"', 'speed': 'medium', 'trial_index': 37, 'start': 8124.703413041, 'end': 8124.729472313, 'duration_s': 0.02605927199965663, 'qualified': False}
{'body_part': 'board', 'category': 'gesture', 'content': '29: "拇指右划"', 'speed': 'medium', 'trial_index': 38, 'start': 8124.755095822, 'end': 8124.781180369, 'duration_s': 0.026084547000209568, 'qualified': False}
{'body_part': 'board', 'category': 'gesture', 'content': '10: "翻转手掌"', 'speed': 'medium', 'trial_index': 39, 'start': 8124.806919226, 'end': 8124.833353158, 'duration_s': 0.026433932000145433, 'qualified': False}
{'body_part': 'board', 'category': 'gesture', 'content': '9: "握拳"', 'speed': 'medium', 'trial_index': 40, 'start': 8124.858310006, 'end': 8124.883839671, 'duration_s': 0.025529665000249224, 'qualified': False}
{'body_part': 'board', 'category': 'gesture', 'content': '28: "拇指左划“', 'speed': 'medium', 'trial_index': 41, 'start': 8124.909304865, 'end': 8124.935172826, 'duration_s': 0.025867960999676143, 'qualified': False}
{'body_part': 'board', 'category': 'gesture', 'content': '3: "向左挥手"', 'speed': 'medium', 'trial_index': 42, 'start': 8124.960200073, 'end': 8124.985869724, 'duration_s': 0.025669650999589066, 'qualified': False}
{'body_part': 'board', 'category': 'gesture', 'content': '24: "戒指表面上划"', 'speed': 'medium', 'trial_index': 43, 'start': 8125.011599882, 'end': 8125.037661453, 'duration_s': 0.026061570999445394, 'qualified': False}
{'body_part': 'board', 'category': 'gesture', 'content': '17: "竖大拇指"', 'speed': 'medium', 'trial_index': 44, 'start': 8125.063587752, 'end': 8125.4123049, 'duration_s': 0.3487171480001052, 'qualified': False}
{'body_part': 'board', 'category': 'gesture', 'content': '31: "拇指下划"', 'speed': 'medium', 'trial_index': 45, 'start': 8125.695719725, 'end': 8125.933673597, 'duration_s': 0.2379538719997072, 'qualified': False}
{'body_part': 'board', 'category': 'gesture', 'content': '12: "手腕逆时针划圈"', 'speed': 'medium', 'trial_index': 46, 'start': 8126.111930646, 'end': 8126.30701262, 'duration_s': 0.195081974000459, 'qualified': False}
{'body_part': 'board', 'category': 'gesture', 'content': '16: "打响指"', 'speed': 'medium', 'trial_index': 47, 'start': 8126.738965648, 'end': 8126.764873411, 'duration_s': 0.025907762999850092, 'qualified': False}
{'body_part': 'board', 'category': 'gesture', 'content': '19: "拇指无名指捏合"', 'speed': 'medium', 'trial_index': 48, 'start': 8126.790814519, 'end': 8126.817338805, 'duration_s': 0.026524285999585118, 'qualified': False}
{'body_part': 'board', 'category': 'gesture', 'content': '14: "手指逆时针划圈"', 'speed': 'medium', 'trial_index': 49, 'start': 8126.841947889, 'end': 8126.86813102, 'duration_s': 0.026183130999925197, 'qualified': False}
{'body_part': 'board', 'category': 'gesture', 'content': '6: "桌面点击"', 'speed': 'medium', 'trial_index': 50, 'start': 8126.894395896, 'end': 8126.919661227, 'duration_s': 0.02526533099990047, 'qualified': False}
{'body_part': 'board', 'category': 'gesture', 'content': '26: "捏合捏住（pinch down）"', 'speed': 'medium', 'trial_index': 51, 'start': 8126.946845609, 'end': 8126.972794998, 'duration_s': 0.0259493889998339, 'qualified': False}
{'body_part': 'board', 'category': 'gesture', 'content': '4: "向上挥手"', 'speed': 'medium', 'trial_index': 52, 'start': 8126.998774596, 'end': 8127.025224013, 'duration_s': 0.026449417000549147, 'qualified': False}
{'body_part': 'board', 'category': 'gesture', 'content': '2: "向下挥手"', 'speed': 'medium', 'trial_index': 53, 'start': 8127.051615441, 'end': 8127.076422242, 'duration_s': 0.024806801000522682, 'qualified': False}
{'body_part': 'board', 'category': 'gesture', 'content': '5: "空中点击"', 'speed': 'medium', 'trial_index': 54, 'start': 8127.101667493, 'end': 8127.126468554, 'duration_s': 0.024801061000289337, 'qualified': False}
{'body_part': 'board', 'category': 'gesture', 'content': '27: "捏合放开（pinch up）"', 'speed': 'medium', 'trial_index': 55, 'start': 8127.151612968, 'end': 8127.177780414, 'duration_s': 0.026167445999817573, 'qualified': False}
{'body_part': 'board', 'category': 'gesture', 'content': '30: "拇指上划"', 'speed': 'medium', 'trial_index': 56, 'start': 8127.425198833, 'end': 8129.183229073, 'duration_s': 1.7580302400001528, 'qualified': True}
{'body_part': 'board', 'category': 'gesture', 'content': '22: "桌面上划"', 'speed': 'medium', 'trial_index': 57, 'start': 8129.568170911, 'end': 8130.106517372, 'duration_s': 0.5383464609994917, 'qualified': True}
{'body_part': 'board', 'category': 'gesture', 'content': '7: "向前推掌（停止）"', 'speed': 'medium', 'trial_index': 58, 'start': 8130.327000932, 'end': 8130.540723142, 'duration_s': 0.21372221000001446, 'qualified': False}
{'body_part': 'board', 'category': 'gesture', 'content': '25: "戒指表面下划"', 'speed': 'medium', 'trial_index': 59, 'start': 8134.071163955, 'end': 8134.795699795, 'duration_s': 0.7245358399995894, 'qualified': True}
{'body_part': 'board', 'category': 'gesture', 'content': '1: "向右挥手"', 'speed': 'medium', 'trial_index': 60, 'start': 8135.213580935, 'end': 8135.484143414, 'duration_s': 0.27056247899963637, 'qualified': False}
{'body_part': 'board', 'category': 'gesture', 'content': '21: "桌面右划"', 'speed': 'medium', 'trial_index': 61, 'start': 8135.795474679, 'end': 8136.256514745, 'duration_s': 0.46104006599944114, 'qualified': True}
{'body_part': 'board', 'category': 'gesture', 'content': '13: "手指顺时针划圈"', 'speed': 'medium', 'trial_index': 62, 'start': 8137.197491382, 'end': 8137.684844608, 'duration_s': 0.4873532259998683, 'qualified': True}
{'body_part': 'board', 'category': 'gesture', 'content': '17: "竖大拇指"', 'speed': 'fast', 'trial_index': 1, 'start': 8154.0155133, 'end': 8154.819895443, 'duration_s': 0.8043821430001117, 'qualified': True}
{'body_part': 'board', 'category': 'gesture', 'content': '1: "向右挥手"', 'speed': 'fast', 'trial_index': 2, 'start': 8155.229414359, 'end': 8155.83696445, 'duration_s': 0.607550091000121, 'qualified': True}
{'body_part': 'board', 'category': 'gesture', 'content': '11: "手腕顺时针划圈"', 'speed': 'fast', 'trial_index': 3, 'start': 8156.540737534, 'end': 8157.208340945, 'duration_s': 0.6676034109996181, 'qualified': True}
{'body_part': 'board', 'category': 'gesture', 'content': '13: "手指顺时针划圈"', 'speed': 'fast', 'trial_index': 4, 'start': 8157.640536918, 'end': 8157.66569105, 'duration_s': 0.025154131999443052, 'qualified': False}
{'body_part': 'board', 'category': 'gesture', 'content': '31: "拇指下划"', 'speed': 'fast', 'trial_index': 5, 'start': 8157.691227943, 'end': 8157.716980469, 'duration_s': 0.025752526000360376, 'qualified': False}
{'body_part': 'board', 'category': 'gesture', 'content': '23: "桌面下划"', 'speed': 'fast', 'trial_index': 6, 'start': 8157.742087221, 'end': 8157.767203375, 'duration_s': 0.025116153999988455, 'qualified': False}
{'body_part': 'board', 'category': 'gesture', 'content': '14: "手指逆时针划圈"', 'speed': 'fast', 'trial_index': 7, 'start': 8157.792231039, 'end': 8157.817682753, 'duration_s': 0.02545171399924584, 'qualified': False}
{'body_part': 'board', 'category': 'gesture', 'content': '10: "翻转手掌"', 'speed': 'fast', 'trial_index': 8, 'start': 8157.84428493, 'end': 8157.869836307, 'duration_s': 0.02555137699982879, 'qualified': False}
{'body_part': 'board', 'category': 'gesture', 'content': '7: "向前推掌（停止）"', 'speed': 'fast', 'trial_index': 9, 'start': 8157.895682298, 'end': 8157.92157959, 'duration_s': 0.025897292000081507, 'qualified': False}
{'body_part': 'board', 'category': 'gesture', 'content': '2: "向下挥手"', 'speed': 'fast', 'trial_index': 10, 'start': 8157.94779995, 'end': 8157.972112812, 'duration_s': 0.024312861999533197, 'qualified': False}
{'body_part': 'board', 'category': 'gesture', 'content': '21: "桌面右划"', 'speed': 'fast', 'trial_index': 11, 'start': 8157.997833803, 'end': 8158.023381259, 'duration_s': 0.02554745600082242, 'qualified': False}
{'body_part': 'board', 'category': 'gesture', 'content': '18: "拇指中指捏合"', 'speed': 'fast', 'trial_index': 12, 'start': 8158.048554356, 'end': 8158.074280578, 'duration_s': 0.025726222000230337, 'qualified': False}
{'body_part': 'board', 'category': 'gesture', 'content': '3: "向左挥手"', 'speed': 'fast', 'trial_index': 13, 'start': 8158.099074908, 'end': 8158.124124638, 'duration_s': 0.025049729999409465, 'qualified': False}
{'body_part': 'board', 'category': 'gesture', 'content': '5: "空中点击"', 'speed': 'fast', 'trial_index': 14, 'start': 8158.150442687, 'end': 8158.175341178, 'duration_s': 0.024898491000385548, 'qualified': False}
{'body_part': 'board', 'category': 'gesture', 'content': '25: "戒指表面下划"', 'speed': 'fast', 'trial_index': 15, 'start': 8158.201480321, 'end': 8158.227468772, 'duration_s': 0.025988450999648194, 'qualified': False}
{'body_part': 'board', 'category': 'gesture', 'content': '22: "桌面上划"', 'speed': 'fast', 'trial_index': 16, 'start': 8158.252916858, 'end': 8158.279188614, 'duration_s': 0.026271755999914603, 'qualified': False}
{'body_part': 'board', 'category': 'gesture', 'content': '8: "双指捏合（pinch）"', 'speed': 'fast', 'trial_index': 17, 'start': 8158.30556509, 'end': 8158.330313463, 'duration_s': 0.024748372999965795, 'qualified': False}
{'body_part': 'board', 'category': 'gesture', 'content': '12: "手腕逆时针划圈"', 'speed': 'fast', 'trial_index': 18, 'start': 8158.355530955, 'end': 8158.382030169, 'duration_s': 0.026499214000068605, 'qualified': False}
{'body_part': 'board', 'category': 'gesture', 'content': '24: "戒指表面上划"', 'speed': 'fast', 'trial_index': 19, 'start': 8158.407523367, 'end': 8158.43368693, 'duration_s': 0.026163562999499845, 'qualified': False}
{'body_part': 'board', 'category': 'gesture', 'content': '28: "拇指左划“', 'speed': 'fast', 'trial_index': 20, 'start': 8158.458920139, 'end': 8158.483835065, 'duration_s': 0.02491492599983758, 'qualified': False}
{'body_part': 'board', 'category': 'gesture', 'content': '19: "拇指无名指捏合"', 'speed': 'fast', 'trial_index': 21, 'start': 8158.508995171, 'end': 8158.534407708, 'duration_s': 0.02541253700019297, 'qualified': False}
{'body_part': 'board', 'category': 'gesture', 'content': '26: "捏合捏住（pinch down）"', 'speed': 'fast', 'trial_index': 22, 'start': 8158.559756697, 'end': 8158.585545605, 'duration_s': 0.025788908000322408, 'qualified': False}
{'body_part': 'board', 'category': 'gesture', 'content': '15: "拍手"', 'speed': 'fast', 'trial_index': 23, 'start': 8158.611584748, 'end': 8158.6364777, 'duration_s': 0.024892952000300284, 'qualified': False}
{'body_part': 'board', 'category': 'gesture', 'content': '29: "拇指右划"', 'speed': 'fast', 'trial_index': 24, 'start': 8158.662130933, 'end': 8158.687627774, 'duration_s': 0.0254968409999492, 'qualified': False}
{'body_part': 'board', 'category': 'gesture', 'content': '20: "桌面左划"', 'speed': 'fast', 'trial_index': 25, 'start': 8158.713061861, 'end': 8158.738855796, 'duration_s': 0.02579393500036531, 'qualified': False}
{'body_part': 'board', 'category': 'gesture', 'content': '27: "捏合放开（pinch up）"', 'speed': 'fast', 'trial_index': 26, 'start': 8158.765906573, 'end': 8158.79158572, 'duration_s': 0.02567914699920948, 'qualified': False}
{'body_part': 'board', 'category': 'gesture', 'content': '30: "拇指上划"', 'speed': 'fast', 'trial_index': 27, 'start': 8158.817530433, 'end': 8158.842484386, 'duration_s': 0.02495395300047676, 'qualified': False}
{'body_part': 'board', 'category': 'gesture', 'content': '9: "握拳"', 'speed': 'fast', 'trial_index': 28, 'start': 8158.868008652, 'end': 8158.894157857, 'duration_s': 0.026149205000365328, 'qualified': False}
{'body_part': 'board', 'category': 'gesture', 'content': '4: "向上挥手"', 'speed': 'fast', 'trial_index': 29, 'start': 8158.919665547, 'end': 8158.945811597, 'duration_s': 0.02614605000053416, 'qualified': False}
{'body_part': 'board', 'category': 'gesture', 'content': '16: "打响指"', 'speed': 'fast', 'trial_index': 30, 'start': 8158.972687104, 'end': 8158.998734575, 'duration_s': 0.026047470999401412, 'qualified': False}
{'body_part': 'board', 'category': 'gesture', 'content': '6: "桌面点击"', 'speed': 'fast', 'trial_index': 31, 'start': 8159.023809283, 'end': 8159.049884547, 'duration_s': 0.026075263999700837, 'qualified': False}
{'body_part': 'board', 'category': 'gesture', 'content': '3: "向左挥手"', 'speed': 'fast', 'trial_index': 32, 'start': 8159.075841626, 'end': 8159.101961683, 'duration_s': 0.026120057000298402, 'qualified': False}
{'body_part': 'board', 'category': 'gesture', 'content': '25: "戒指表面下划"', 'speed': 'fast', 'trial_index': 33, 'start': 8159.128497637, 'end': 8159.154849352, 'duration_s': 0.02635171500060096, 'qualified': False}
{'body_part': 'board', 'category': 'gesture', 'content': '12: "手腕逆时针划圈"', 'speed': 'fast', 'trial_index': 34, 'start': 8159.180368709, 'end': 8159.206293286, 'duration_s': 0.025924577000296267, 'qualified': False}
{'body_part': 'board', 'category': 'gesture', 'content': '10: "翻转手掌"', 'speed': 'fast', 'trial_index': 35, 'start': 8159.231659058, 'end': 8159.258763758, 'duration_s': 0.027104699999654258, 'qualified': False}
{'body_part': 'board', 'category': 'gesture', 'content': '7: "向前推掌（停止）"', 'speed': 'fast', 'trial_index': 36, 'start': 8159.285578542, 'end': 8159.3110614, 'duration_s': 0.025482858000032138, 'qualified': False}
{'body_part': 'board', 'category': 'gesture', 'content': '16: "打响指"', 'speed': 'fast', 'trial_index': 37, 'start': 8159.337146316, 'end': 8159.363869946, 'duration_s': 0.026723629999651166, 'qualified': False}
{'body_part': 'board', 'category': 'gesture', 'content': '15: "拍手"', 'speed': 'fast', 'trial_index': 38, 'start': 8159.389823941, 'end': 8159.415829391, 'duration_s': 0.026005450000411656, 'qualified': False}
{'body_part': 'board', 'category': 'gesture', 'content': '27: "捏合放开（pinch up）"', 'speed': 'fast', 'trial_index': 39, 'start': 8159.44062506, 'end': 8159.465830118, 'duration_s': 0.025205058000210556, 'qualified': False}
{'body_part': 'board', 'category': 'gesture', 'content': '20: "桌面左划"', 'speed': 'fast', 'trial_index': 40, 'start': 8159.49106449, 'end': 8159.517557225, 'duration_s': 0.026492734999919776, 'qualified': False}
{'body_part': 'board', 'category': 'gesture', 'content': '24: "戒指表面上划"', 'speed': 'fast', 'trial_index': 41, 'start': 8159.541990158, 'end': 8159.567278195, 'duration_s': 0.025288036999882024, 'qualified': False}
{'body_part': 'board', 'category': 'gesture', 'content': '22: "桌面上划"', 'speed': 'fast', 'trial_index': 42, 'start': 8159.592797608, 'end': 8159.618844559, 'duration_s': 0.026046950999443652, 'qualified': False}
{'body_part': 'board', 'category': 'gesture', 'content': '1: "向右挥手"', 'speed': 'fast', 'trial_index': 43, 'start': 8159.645718013, 'end': 8159.671530031, 'duration_s': 0.02581201799966948, 'qualified': False}
{'body_part': 'board', 'category': 'gesture', 'content': '11: "手腕顺时针划圈"', 'speed': 'fast', 'trial_index': 44, 'start': 8159.697440015, 'end': 8159.72255249, 'duration_s': 0.02511247500024183, 'qualified': False}
{'body_part': 'board', 'category': 'gesture', 'content': '6: "桌面点击"', 'speed': 'fast', 'trial_index': 45, 'start': 8159.7486301, 'end': 8159.774898182, 'duration_s': 0.026268081999660353, 'qualified': False}
{'body_part': 'board', 'category': 'gesture', 'content': '26: "捏合捏住（pinch down）"', 'speed': 'fast', 'trial_index': 46, 'start': 8159.801055798, 'end': 8159.826742025, 'duration_s': 0.025686227000733197, 'qualified': False}
{'body_part': 'board', 'category': 'gesture', 'content': '19: "拇指无名指捏合"', 'speed': 'fast', 'trial_index': 47, 'start': 8159.853176577, 'end': 8159.878745741, 'duration_s': 0.025569163999534794, 'qualified': False}
{'body_part': 'board', 'category': 'gesture', 'content': '17: "竖大拇指"', 'speed': 'fast', 'trial_index': 48, 'start': 8159.904533278, 'end': 8159.930695071, 'duration_s': 0.02616179300002841, 'qualified': False}
{'body_part': 'board', 'category': 'gesture', 'content': '18: "拇指中指捏合"', 'speed': 'fast', 'trial_index': 49, 'start': 8159.956458663, 'end': 8159.981405045, 'duration_s': 0.024946382000052836, 'qualified': False}
{'body_part': 'board', 'category': 'gesture', 'content': '14: "手指逆时针划圈"', 'speed': 'fast', 'trial_index': 50, 'start': 8160.006144166, 'end': 8160.031943784, 'duration_s': 0.02579961799983721, 'qualified': False}
{'body_part': 'board', 'category': 'gesture', 'content': '5: "空中点击"', 'speed': 'fast', 'trial_index': 51, 'start': 8160.058170508, 'end': 8160.083227349, 'duration_s': 0.025056840999241103, 'qualified': False}
{'body_part': 'board', 'category': 'gesture', 'content': '8: "双指捏合（pinch）"', 'speed': 'fast', 'trial_index': 52, 'start': 8160.108658251, 'end': 8160.135549169, 'duration_s': 0.02689091800039023, 'qualified': False}
{'body_part': 'board', 'category': 'gesture', 'content': '9: "握拳"', 'speed': 'fast', 'trial_index': 53, 'start': 8160.161431914, 'end': 8160.187126127, 'duration_s': 0.02569421299995156, 'qualified': False}
{'body_part': 'board', 'category': 'gesture', 'content': '21: "桌面右划"', 'speed': 'fast', 'trial_index': 54, 'start': 8160.213651782, 'end': 8160.239892843, 'duration_s': 0.026241061000291666, 'qualified': False}
{'body_part': 'board', 'category': 'gesture', 'content': '13: "手指顺时针划圈"', 'speed': 'fast', 'trial_index': 55, 'start': 8160.265964347, 'end': 8160.291700119, 'duration_s': 0.025735772000189172, 'qualified': False}
{'body_part': 'board', 'category': 'gesture', 'content': '23: "桌面下划"', 'speed': 'fast', 'trial_index': 56, 'start': 8160.317741776, 'end': 8160.72735418, 'duration_s': 0.40961240399974486, 'qualified': True}
{'body_part': 'board', 'category': 'gesture', 'content': '28: "拇指左划“', 'speed': 'fast', 'trial_index': 57, 'start': 8161.078703104, 'end': 8161.278356494, 'duration_s': 0.19965339000009408, 'qualified': False}
{'body_part': 'board', 'category': 'gesture', 'content': '31: "拇指下划"', 'speed': 'fast', 'trial_index': 58, 'start': 8161.570286604, 'end': 8161.83935782, 'duration_s': 0.2690712160001567, 'qualified': False}
{'body_part': 'board', 'category': 'gesture', 'content': '29: "拇指右划"', 'speed': 'fast', 'trial_index': 59, 'start': 8162.074731261, 'end': 8162.407069295, 'duration_s': 0.3323380339998039, 'qualified': False}
{'body_part': 'board', 'category': 'gesture', 'content': '2: "向下挥手"', 'speed': 'fast', 'trial_index': 60, 'start': 8162.741717706, 'end': 8163.083093408, 'duration_s': 0.3413757020007324, 'qualified': False}
{'body_part': 'board', 'category': 'gesture', 'content': '4: "向上挥手"', 'speed': 'fast', 'trial_index': 61, 'start': 8163.547269271, 'end': 8163.942462406, 'duration_s': 0.3951931350002269, 'qualified': False}
{'body_part': 'board', 'category': 'gesture', 'content': '30: "拇指上划"', 'speed': 'fast', 'trial_index': 62, 'start': 8165.223688884, 'end': 8165.712333, 'duration_s': 0.4886441160006143, 'qualified': True}
{'body_part': 'board', 'category': 'gesture', 'content': '15: "拍手"', 'speed': 'slow', 'trial_index': 1, 'start': 8169.16955895, 'end': 8169.610229033, 'duration_s': 0.4406700830004411, 'qualified': True}
{'body_part': 'board', 'category': 'gesture', 'content': '19: "拇指无名指捏合"', 'speed': 'slow', 'trial_index': 2, 'start': 8170.038490028, 'end': 8170.0631183, 'duration_s': 0.02462827199997264, 'qualified': False}
{'body_part': 'board', 'category': 'gesture', 'content': '6: "桌面点击"', 'speed': 'slow', 'trial_index': 3, 'start': 8170.088608086, 'end': 8170.114294608, 'duration_s': 0.02568652199988719, 'qualified': False}
{'body_part': 'board', 'category': 'gesture', 'content': '11: "手腕顺时针划圈"', 'speed': 'slow', 'trial_index': 4, 'start': 8170.140971781, 'end': 8170.166868198, 'duration_s': 0.025896416999785288, 'qualified': False}
{'body_part': 'board', 'category': 'gesture', 'content': '27: "捏合放开（pinch up）"', 'speed': 'slow', 'trial_index': 5, 'start': 8170.193491833, 'end': 8170.219652959, 'duration_s': 0.026161126000260992, 'qualified': False}
{'body_part': 'board', 'category': 'gesture', 'content': '25: "戒指表面下划"', 'speed': 'slow', 'trial_index': 6, 'start': 8170.246232654, 'end': 8170.272229954, 'duration_s': 0.025997300000199175, 'qualified': False}
{'body_part': 'board', 'category': 'gesture', 'content': '31: "拇指下划"', 'speed': 'slow', 'trial_index': 7, 'start': 8170.298856212, 'end': 8170.324637436, 'duration_s': 0.025781223999729264, 'qualified': False}
{'body_part': 'board', 'category': 'gesture', 'content': '10: "翻转手掌"', 'speed': 'slow', 'trial_index': 8, 'start': 8170.351496109, 'end': 8170.376936331, 'duration_s': 0.02544022199981555, 'qualified': False}
{'body_part': 'board', 'category': 'gesture', 'content': '29: "拇指右划"', 'speed': 'slow', 'trial_index': 9, 'start': 8170.403913698, 'end': 8170.429617531, 'duration_s': 0.025703833000079612, 'qualified': False}
{'body_part': 'board', 'category': 'gesture', 'content': '30: "拇指上划"', 'speed': 'slow', 'trial_index': 10, 'start': 8170.455104868, 'end': 8170.480711836, 'duration_s': 0.02560696800082951, 'qualified': False}
{'body_part': 'board', 'category': 'gesture', 'content': '4: "向上挥手"', 'speed': 'slow', 'trial_index': 11, 'start': 8170.507081028, 'end': 8170.53207612, 'duration_s': 0.02499509199969907, 'qualified': False}
{'body_part': 'board', 'category': 'gesture', 'content': '26: "捏合捏住（pinch down）"', 'speed': 'slow', 'trial_index': 12, 'start': 8170.558569347, 'end': 8170.584460958, 'duration_s': 0.02589161099967896, 'qualified': False}
{'body_part': 'board', 'category': 'gesture', 'content': '17: "竖大拇指"', 'speed': 'slow', 'trial_index': 13, 'start': 8170.609517609, 'end': 8170.635670717, 'duration_s': 0.026153107999562053, 'qualified': False}
{'body_part': 'board', 'category': 'gesture', 'content': '14: "手指逆时针划圈"', 'speed': 'slow', 'trial_index': 14, 'start': 8170.661364544, 'end': 8170.687189168, 'duration_s': 0.0258246240000517, 'qualified': False}
{'body_part': 'board', 'category': 'gesture', 'content': '24: "戒指表面上划"', 'speed': 'slow', 'trial_index': 15, 'start': 8170.712555817, 'end': 8170.739180795, 'duration_s': 0.02662497799974517, 'qualified': False}
{'body_part': 'board', 'category': 'gesture', 'content': '20: "桌面左划"', 'speed': 'slow', 'trial_index': 16, 'start': 8170.764340434, 'end': 8170.790543904, 'duration_s': 0.02620346999992762, 'qualified': False}
{'body_part': 'board', 'category': 'gesture', 'content': '1: "向右挥手"', 'speed': 'slow', 'trial_index': 17, 'start': 8170.815076942, 'end': 8170.840853506, 'duration_s': 0.025776563999897917, 'qualified': False}
{'body_part': 'board', 'category': 'gesture', 'content': '7: "向前推掌（停止）"', 'speed': 'slow', 'trial_index': 18, 'start': 8170.866288151, 'end': 8170.892128463, 'duration_s': 0.02584031199967285, 'qualified': False}
{'body_part': 'board', 'category': 'gesture', 'content': '13: "手指顺时针划圈"', 'speed': 'slow', 'trial_index': 19, 'start': 8170.918750691, 'end': 8170.943814967, 'duration_s': 0.025064276000193786, 'qualified': False}
{'body_part': 'board', 'category': 'gesture', 'content': '9: "握拳"', 'speed': 'slow', 'trial_index': 20, 'start': 8170.970140563, 'end': 8170.995576144, 'duration_s': 0.025435580999328522, 'qualified': False}
{'body_part': 'board', 'category': 'gesture', 'content': '22: "桌面上划"', 'speed': 'slow', 'trial_index': 21, 'start': 8171.021964661, 'end': 8171.047677131, 'duration_s': 0.0257124699992346, 'qualified': False}
{'body_part': 'board', 'category': 'gesture', 'content': '28: "拇指左划“', 'speed': 'slow', 'trial_index': 22, 'start': 8171.074672428, 'end': 8171.100162263, 'duration_s': 0.025489835000371386, 'qualified': False}
{'body_part': 'board', 'category': 'gesture', 'content': '12: "手腕逆时针划圈"', 'speed': 'slow', 'trial_index': 23, 'start': 8171.126745715, 'end': 8171.152681855, 'duration_s': 0.025936140000339947, 'qualified': False}
{'body_part': 'board', 'category': 'gesture', 'content': '2: "向下挥手"', 'speed': 'slow', 'trial_index': 24, 'start': 8171.17840657, 'end': 8171.203550357, 'duration_s': 0.02514378699925146, 'qualified': False}
{'body_part': 'board', 'category': 'gesture', 'content': '21: "桌面右划"', 'speed': 'slow', 'trial_index': 25, 'start': 8171.228846712, 'end': 8171.254035835, 'duration_s': 0.0251891230000183, 'qualified': False}
{'body_part': 'board', 'category': 'gesture', 'content': '5: "空中点击"', 'speed': 'slow', 'trial_index': 26, 'start': 8171.280227615, 'end': 8171.305561887, 'duration_s': 0.02533427200069127, 'qualified': False}
{'body_part': 'board', 'category': 'gesture', 'content': '18: "拇指中指捏合"', 'speed': 'slow', 'trial_index': 27, 'start': 8171.331840593, 'end': 8171.358973942, 'duration_s': 0.027133348999996088, 'qualified': False}
{'body_part': 'board', 'category': 'gesture', 'content': '8: "双指捏合（pinch）"', 'speed': 'slow', 'trial_index': 28, 'start': 8171.384571429, 'end': 8171.41031062, 'duration_s': 0.025739190999956918, 'qualified': False}
{'body_part': 'board', 'category': 'gesture', 'content': '23: "桌面下划"', 'speed': 'slow', 'trial_index': 29, 'start': 8171.435373376, 'end': 8171.461338732, 'duration_s': 0.025965355999687745, 'qualified': False}
{'body_part': 'board', 'category': 'gesture', 'content': '16: "打响指"', 'speed': 'slow', 'trial_index': 30, 'start': 8171.486512998, 'end': 8171.512847675, 'duration_s': 0.026334676999795192, 'qualified': False}
{'body_part': 'board', 'category': 'gesture', 'content': '3: "向左挥手"', 'speed': 'slow', 'trial_index': 31, 'start': 8171.538702459, 'end': 8171.564805542, 'duration_s': 0.026103082999725302, 'qualified': False}
{'body_part': 'board', 'category': 'gesture', 'content': '15: "拍手"', 'speed': 'slow', 'trial_index': 32, 'start': 8171.591968743, 'end': 8171.617808146, 'duration_s': 0.02583940300064569, 'qualified': False}
{'body_part': 'board', 'category': 'gesture', 'content': '14: "手指逆时针划圈"', 'speed': 'slow', 'trial_index': 33, 'start': 8171.643259996, 'end': 8171.668490718, 'duration_s': 0.025230721999832895, 'qualified': False}
{'body_part': 'board', 'category': 'gesture', 'content': '21: "桌面右划"', 'speed': 'slow', 'trial_index': 34, 'start': 8171.695068374, 'end': 8171.720596999, 'duration_s': 0.025528625000333705, 'qualified': False}
{'body_part': 'board', 'category': 'gesture', 'content': '9: "握拳"', 'speed': 'slow', 'trial_index': 35, 'start': 8171.745704332, 'end': 8171.771806304, 'duration_s': 0.02610197200010589, 'qualified': False}
{'body_part': 'board', 'category': 'gesture', 'content': '17: "竖大拇指"', 'speed': 'slow', 'trial_index': 36, 'start': 8171.798364117, 'end': 8171.823805767, 'duration_s': 0.025441649999265792, 'qualified': False}
{'body_part': 'board', 'category': 'gesture', 'content': '28: "拇指左划“', 'speed': 'slow', 'trial_index': 37, 'start': 8171.849960242, 'end': 8171.877263276, 'duration_s': 0.02730303400039702, 'qualified': False}
{'body_part': 'board', 'category': 'gesture', 'content': '29: "拇指右划"', 'speed': 'slow', 'trial_index': 38, 'start': 8171.90320929, 'end': 8171.928740968, 'duration_s': 0.025531678000334068, 'qualified': False}
{'body_part': 'board', 'category': 'gesture', 'content': '16: "打响指"', 'speed': 'slow', 'trial_index': 39, 'start': 8171.954596125, 'end': 8171.980739813, 'duration_s': 0.026143688000047405, 'qualified': False}
{'body_part': 'board', 'category': 'gesture', 'content': '10: "翻转手掌"', 'speed': 'slow', 'trial_index': 40, 'start': 8172.006556174, 'end': 8172.033076988, 'duration_s': 0.02652081399992312, 'qualified': False}
{'body_part': 'board', 'category': 'gesture', 'content': '12: "手腕逆时针划圈"', 'speed': 'slow', 'trial_index': 41, 'start': 8172.058194129, 'end': 8172.08287918, 'duration_s': 0.024685051000233216, 'qualified': False}
{'body_part': 'board', 'category': 'gesture', 'content': '8: "双指捏合（pinch）"', 'speed': 'slow', 'trial_index': 42, 'start': 8172.108447172, 'end': 8172.132859551, 'duration_s': 0.02441237900075066, 'qualified': False}
{'body_part': 'board', 'category': 'gesture', 'content': '26: "捏合捏住（pinch down）"', 'speed': 'slow', 'trial_index': 43, 'start': 8172.158936457, 'end': 8172.185041636, 'duration_s': 0.02610517900029663, 'qualified': False}
{'body_part': 'board', 'category': 'gesture', 'content': '7: "向前推掌（停止）"', 'speed': 'slow', 'trial_index': 44, 'start': 8172.21193872, 'end': 8172.237680795, 'duration_s': 0.025742075000380282, 'qualified': False}
{'body_part': 'board', 'category': 'gesture', 'content': '24: "戒指表面上划"', 'speed': 'slow', 'trial_index': 45, 'start': 8172.261930073, 'end': 8172.288215475, 'duration_s': 0.02628540199930285, 'qualified': False}
{'body_part': 'board', 'category': 'gesture', 'content': '5: "空中点击"', 'speed': 'slow', 'trial_index': 46, 'start': 8172.313695092, 'end': 8172.339498089, 'duration_s': 0.025802997000027972, 'qualified': False}
{'body_part': 'board', 'category': 'gesture', 'content': '2: "向下挥手"', 'speed': 'slow', 'trial_index': 47, 'start': 8172.36580032, 'end': 8172.391077018, 'duration_s': 0.02527669800019794, 'qualified': False}
{'body_part': 'board', 'category': 'gesture', 'content': '22: "桌面上划"', 'speed': 'slow', 'trial_index': 48, 'start': 8172.416988616, 'end': 8172.442411845, 'duration_s': 0.02542322899989813, 'qualified': False}
{'body_part': 'board', 'category': 'gesture', 'content': '6: "桌面点击"', 'speed': 'slow', 'trial_index': 49, 'start': 8172.467189532, 'end': 8172.4938664, 'duration_s': 0.02667686800032243, 'qualified': False}
{'body_part': 'board', 'category': 'gesture', 'content': '23: "桌面下划"', 'speed': 'slow', 'trial_index': 50, 'start': 8172.519428534, 'end': 8172.545919508, 'duration_s': 0.026490973999898415, 'qualified': False}
{'body_part': 'board', 'category': 'gesture', 'content': '19: "拇指无名指捏合"', 'speed': 'slow', 'trial_index': 51, 'start': 8172.572309328, 'end': 8172.597492388, 'duration_s': 0.025183060000017576, 'qualified': False}
{'body_part': 'board', 'category': 'gesture', 'content': '18: "拇指中指捏合"', 'speed': 'slow', 'trial_index': 52, 'start': 8172.623096202, 'end': 8172.648727712, 'duration_s': 0.025631510000494018, 'qualified': False}
{'body_part': 'board', 'category': 'gesture', 'content': '31: "拇指下划"', 'speed': 'slow', 'trial_index': 53, 'start': 8172.674268402, 'end': 8172.700269765, 'duration_s': 0.026001362999522826, 'qualified': False}
{'body_part': 'board', 'category': 'gesture', 'content': '1: "向右挥手"', 'speed': 'slow', 'trial_index': 54, 'start': 8172.725738396, 'end': 8172.750761195, 'duration_s': 0.025022798999998486, 'qualified': False}
{'body_part': 'board', 'category': 'gesture', 'content': '27: "捏合放开（pinch up）"', 'speed': 'slow', 'trial_index': 55, 'start': 8172.777304946, 'end': 8172.802677881, 'duration_s': 0.02537293499972293, 'qualified': False}
{'body_part': 'board', 'category': 'gesture', 'content': '11: "手腕顺时针划圈"', 'speed': 'slow', 'trial_index': 56, 'start': 8172.829309625, 'end': 8172.855060836, 'duration_s': 0.02575121100016986, 'qualified': False}
{'body_part': 'board', 'category': 'gesture', 'content': '25: "戒指表面下划"', 'speed': 'slow', 'trial_index': 57, 'start': 8172.882037172, 'end': 8172.907591182, 'duration_s': 0.02555400999972335, 'qualified': False}
{'body_part': 'board', 'category': 'gesture', 'content': '3: "向左挥手"', 'speed': 'slow', 'trial_index': 58, 'start': 8172.933730929, 'end': 8172.959153351, 'duration_s': 0.025422421999792277, 'qualified': False}
{'body_part': 'board', 'category': 'gesture', 'content': '13: "手指顺时针划圈"', 'speed': 'slow', 'trial_index': 59, 'start': 8172.984614236, 'end': 8173.010581251, 'duration_s': 0.025967014999878302, 'qualified': False}
{'body_part': 'board', 'category': 'gesture', 'content': '4: "向上挥手"', 'speed': 'slow', 'trial_index': 60, 'start': 8173.034668186, 'end': 8173.061407887, 'duration_s': 0.02673970100022416, 'qualified': False}
{'body_part': 'board', 'category': 'gesture', 'content': '30: "拇指上划"', 'speed': 'slow', 'trial_index': 61, 'start': 8173.087933504, 'end': 8173.115113325, 'duration_s': 0.027179820999663207, 'qualified': False}
{'body_part': 'board', 'category': 'gesture', 'content': '20: "桌面左划"', 'speed': 'slow', 'trial_index': 62, 'start': 8173.141219786, 'end': 8173.166745244, 'duration_s': 0.025525457999719947, 'qualified': False}
{'body_part': 'palm', 'category': 'gesture', 'content': '2: "向下挥手"', 'speed': 'medium', 'trial_index': 1, 'start': 8173.217407845, 'end': 8173.243058836, 'duration_s': 0.025650991000475187, 'qualified': False}
{'body_part': 'palm', 'category': 'gesture', 'content': '26: "捏合捏住（pinch down）"', 'speed': 'medium', 'trial_index': 2, 'start': 8173.268088765, 'end': 8173.292951187, 'duration_s': 0.024862421999387152, 'qualified': False}
{'body_part': 'palm', 'category': 'gesture', 'content': '8: "双指捏合（pinch）"', 'speed': 'medium', 'trial_index': 3, 'start': 8173.318885262, 'end': 8173.344834824, 'duration_s': 0.025949562000278092, 'qualified': False}
{'body_part': 'palm', 'category': 'gesture', 'content': '30: "拇指上划"', 'speed': 'medium', 'trial_index': 4, 'start': 8173.371812033, 'end': 8173.397639819, 'duration_s': 0.02582778599935409, 'qualified': False}
{'body_part': 'palm', 'category': 'gesture', 'content': '11: "手腕顺时针划圈"', 'speed': 'medium', 'trial_index': 5, 'start': 8173.422899276, 'end': 8173.862697032, 'duration_s': 0.4397977560001891, 'qualified': True}
{'body_part': 'palm', 'category': 'gesture', 'content': '7: "向前推掌（停止）"', 'speed': 'medium', 'trial_index': 6, 'start': 8174.265787077, 'end': 8174.695313019, 'duration_s': 0.42952594200050953, 'qualified': True}
{'body_part': 'palm', 'category': 'gesture', 'content': '24: "戒指表面上划"', 'speed': 'medium', 'trial_index': 7, 'start': 8174.721247709, 'end': 8174.746824813, 'duration_s': 0.02557710400014912, 'qualified': False}
{'body_part': 'palm', 'category': 'gesture', 'content': '15: "拍手"', 'speed': 'medium', 'trial_index': 8, 'start': 8174.772956392, 'end': 8174.798331316, 'duration_s': 0.025374924000061583, 'qualified': False}
{'body_part': 'palm', 'category': 'gesture', 'content': '10: "翻转手掌"', 'speed': 'medium', 'trial_index': 9, 'start': 8174.823086215, 'end': 8174.848517954, 'duration_s': 0.025431738999941444, 'qualified': False}
{'body_part': 'palm', 'category': 'gesture', 'content': '19: "拇指无名指捏合"', 'speed': 'medium', 'trial_index': 10, 'start': 8174.874708194, 'end': 8174.901141432, 'duration_s': 0.026433238000208803, 'qualified': False}
{'body_part': 'palm', 'category': 'gesture', 'content': '1: "向右挥手"', 'speed': 'medium', 'trial_index': 11, 'start': 8174.926363668, 'end': 8174.952978311, 'duration_s': 0.02661464300035732, 'qualified': False}
{'body_part': 'palm', 'category': 'gesture', 'content': '14: "手指逆时针划圈"', 'speed': 'medium', 'trial_index': 12, 'start': 8174.978966932, 'end': 8175.004998576, 'duration_s': 0.026031643999886, 'qualified': False}
{'body_part': 'palm', 'category': 'gesture', 'content': '3: "向左挥手"', 'speed': 'medium', 'trial_index': 13, 'start': 8175.030880401, 'end': 8175.058429205, 'duration_s': 0.02754880399970716, 'qualified': False}
{'body_part': 'palm', 'category': 'gesture', 'content': '22: "桌面上划"', 'speed': 'medium', 'trial_index': 14, 'start': 8175.083748118, 'end': 8175.110420655, 'duration_s': 0.026672537000195007, 'qualified': False}
{'body_part': 'palm', 'category': 'gesture', 'content': '16: "打响指"', 'speed': 'medium', 'trial_index': 15, 'start': 8175.136428278, 'end': 8175.162410785, 'duration_s': 0.025982507000662736, 'qualified': False}
{'body_part': 'palm', 'category': 'gesture', 'content': '29: "拇指右划"', 'speed': 'medium', 'trial_index': 16, 'start': 8175.188711815, 'end': 8175.214360649, 'duration_s': 0.02564883400009421, 'qualified': False}
{'body_part': 'palm', 'category': 'gesture', 'content': '9: "握拳"', 'speed': 'medium', 'trial_index': 17, 'start': 8175.239360468, 'end': 8175.264256971, 'duration_s': 0.02489650299958157, 'qualified': False}
{'body_part': 'palm', 'category': 'gesture', 'content': '5: "空中点击"', 'speed': 'medium', 'trial_index': 18, 'start': 8175.291092724, 'end': 8175.317232931, 'duration_s': 0.02614020700002584, 'qualified': False}
{'body_part': 'palm', 'category': 'gesture', 'content': '28: "拇指左划“', 'speed': 'medium', 'trial_index': 19, 'start': 8175.342232098, 'end': 8175.367404185, 'duration_s': 0.025172087000100873, 'qualified': False}
{'body_part': 'palm', 'category': 'gesture', 'content': '6: "桌面点击"', 'speed': 'medium', 'trial_index': 20, 'start': 8175.393087704, 'end': 8175.419120765, 'duration_s': 0.02603306099990732, 'qualified': False}
{'body_part': 'palm', 'category': 'gesture', 'content': '18: "拇指中指捏合"', 'speed': 'medium', 'trial_index': 21, 'start': 8175.445406881, 'end': 8175.470526374, 'duration_s': 0.02511949299969274, 'qualified': False}
{'body_part': 'palm', 'category': 'gesture', 'content': '21: "桌面右划"', 'speed': 'medium', 'trial_index': 22, 'start': 8175.495269267, 'end': 8175.521570065, 'duration_s': 0.02630079799928353, 'qualified': False}
{'body_part': 'palm', 'category': 'gesture', 'content': '20: "桌面左划"', 'speed': 'medium', 'trial_index': 23, 'start': 8175.54724395, 'end': 8175.57214402, 'duration_s': 0.024900070000512642, 'qualified': False}
{'body_part': 'palm', 'category': 'gesture', 'content': '27: "捏合放开（pinch up）"', 'speed': 'medium', 'trial_index': 24, 'start': 8175.59733972, 'end': 8175.622850135, 'duration_s': 0.025510415000098874, 'qualified': False}
{'body_part': 'palm', 'category': 'gesture', 'content': '17: "竖大拇指"', 'speed': 'medium', 'trial_index': 25, 'start': 8175.649128418, 'end': 8175.674159679, 'duration_s': 0.025031260999639926, 'qualified': False}
{'body_part': 'palm', 'category': 'gesture', 'content': '4: "向上挥手"', 'speed': 'medium', 'trial_index': 26, 'start': 8175.698504282, 'end': 8175.724651952, 'duration_s': 0.02614767000068241, 'qualified': False}
{'body_part': 'palm', 'category': 'gesture', 'content': '25: "戒指表面下划"', 'speed': 'medium', 'trial_index': 27, 'start': 8175.750766448, 'end': 8175.776404194, 'duration_s': 0.025637746000029438, 'qualified': False}
{'body_part': 'palm', 'category': 'gesture', 'content': '13: "手指顺时针划圈"', 'speed': 'medium', 'trial_index': 28, 'start': 8175.801593574, 'end': 8175.827483949, 'duration_s': 0.02589037500001723, 'qualified': False}
{'body_part': 'palm', 'category': 'gesture', 'content': '12: "手腕逆时针划圈"', 'speed': 'medium', 'trial_index': 29, 'start': 8175.853564389, 'end': 8175.880182058, 'duration_s': 0.02661766900018847, 'qualified': False}
{'body_part': 'palm', 'category': 'gesture', 'content': '31: "拇指下划"', 'speed': 'medium', 'trial_index': 30, 'start': 8175.905429945, 'end': 8175.930249347, 'duration_s': 0.024819402000503032, 'qualified': False}
{'body_part': 'palm', 'category': 'gesture', 'content': '23: "桌面下划"', 'speed': 'medium', 'trial_index': 31, 'start': 8175.956560679, 'end': 8175.981637336, 'duration_s': 0.02507665699977224, 'qualified': False}
{'body_part': 'palm', 'category': 'gesture', 'content': '31: "拇指下划"', 'speed': 'medium', 'trial_index': 32, 'start': 8176.006905041, 'end': 8176.033841583, 'duration_s': 0.02693654199993034, 'qualified': False}
{'body_part': 'palm', 'category': 'gesture', 'content': '18: "拇指中指捏合"', 'speed': 'medium', 'trial_index': 33, 'start': 8176.059436937, 'end': 8176.086038427, 'duration_s': 0.026601489999848127, 'qualified': False}
{'body_part': 'palm', 'category': 'gesture', 'content': '15: "拍手"', 'speed': 'medium', 'trial_index': 34, 'start': 8176.111607475, 'end': 8176.13759987, 'duration_s': 0.02599239499977557, 'qualified': False}
{'body_part': 'palm', 'category': 'gesture', 'content': '28: "拇指左划“', 'speed': 'medium', 'trial_index': 35, 'start': 8176.163358033, 'end': 8176.189374283, 'duration_s': 0.026016249999884167, 'qualified': False}
{'body_part': 'palm', 'category': 'gesture', 'content': '23: "桌面下划"', 'speed': 'medium', 'trial_index': 36, 'start': 8176.214545132, 'end': 8176.240265018, 'duration_s': 0.025719885999933467, 'qualified': False}
{'body_part': 'palm', 'category': 'gesture', 'content': '22: "桌面上划"', 'speed': 'medium', 'trial_index': 37, 'start': 8176.265204097, 'end': 8176.29073463, 'duration_s': 0.025530533000164723, 'qualified': False}
{'body_part': 'palm', 'category': 'gesture', 'content': '24: "戒指表面上划"', 'speed': 'medium', 'trial_index': 38, 'start': 8176.31775847, 'end': 8176.342698103, 'duration_s': 0.02493963300003088, 'qualified': False}
{'body_part': 'palm', 'category': 'gesture', 'content': '21: "桌面右划"', 'speed': 'medium', 'trial_index': 39, 'start': 8176.368728648, 'end': 8176.39481343, 'duration_s': 0.026084781999998086, 'qualified': False}
{'body_part': 'palm', 'category': 'gesture', 'content': '1: "向右挥手"', 'speed': 'medium', 'trial_index': 40, 'start': 8176.4219622, 'end': 8176.447394194, 'duration_s': 0.025431993999518454, 'qualified': False}
{'body_part': 'palm', 'category': 'gesture', 'content': '8: "双指捏合（pinch）"', 'speed': 'medium', 'trial_index': 41, 'start': 8176.473192765, 'end': 8176.497965886, 'duration_s': 0.024773121000180254, 'qualified': False}
{'body_part': 'palm', 'category': 'gesture', 'content': '16: "打响指"', 'speed': 'medium', 'trial_index': 42, 'start': 8176.524055193, 'end': 8176.549260102, 'duration_s': 0.025204908999512554, 'qualified': False}
{'body_part': 'palm', 'category': 'gesture', 'content': '26: "捏合捏住（pinch down）"', 'speed': 'medium', 'trial_index': 43, 'start': 8176.574961583, 'end': 8176.599715735, 'duration_s': 0.024754152000241447, 'qualified': False}
{'body_part': 'palm', 'category': 'gesture', 'content': '20: "桌面左划"', 'speed': 'medium', 'trial_index': 44, 'start': 8176.625320461, 'end': 8176.651247412, 'duration_s': 0.025926950999746623, 'qualified': False}
{'body_part': 'palm', 'category': 'gesture', 'content': '13: "手指顺时针划圈"', 'speed': 'medium', 'trial_index': 45, 'start': 8176.676291063, 'end': 8176.701338926, 'duration_s': 0.025047863000509096, 'qualified': False}
{'body_part': 'palm', 'category': 'gesture', 'content': '12: "手腕逆时针划圈"', 'speed': 'medium', 'trial_index': 46, 'start': 8176.726936435, 'end': 8176.753599821, 'duration_s': 0.026663385999199818, 'qualified': False}
{'body_part': 'palm', 'category': 'gesture', 'content': '5: "空中点击"', 'speed': 'medium', 'trial_index': 47, 'start': 8176.778780039, 'end': 8176.804601687, 'duration_s': 0.02582164800060127, 'qualified': False}
{'body_part': 'palm', 'category': 'gesture', 'content': '17: "竖大拇指"', 'speed': 'medium', 'trial_index': 48, 'start': 8176.830137887, 'end': 8176.856536368, 'duration_s': 0.026398480999887397, 'qualified': False}
{'body_part': 'palm', 'category': 'gesture', 'content': '30: "拇指上划"', 'speed': 'medium', 'trial_index': 49, 'start': 8176.882479879, 'end': 8176.908340655, 'duration_s': 0.02586077599971759, 'qualified': False}
{'body_part': 'palm', 'category': 'gesture', 'content': '19: "拇指无名指捏合"', 'speed': 'medium', 'trial_index': 50, 'start': 8176.932790483, 'end': 8176.95833231, 'duration_s': 0.025541826999869954, 'qualified': False}
{'body_part': 'palm', 'category': 'gesture', 'content': '11: "手腕顺时针划圈"', 'speed': 'medium', 'trial_index': 51, 'start': 8176.984891105, 'end': 8177.010327085, 'duration_s': 0.025435980000111158, 'qualified': False}
{'body_part': 'palm', 'category': 'gesture', 'content': '25: "戒指表面下划"', 'speed': 'medium', 'trial_index': 52, 'start': 8177.036567148, 'end': 8177.06183083, 'duration_s': 0.02526368199960416, 'qualified': False}
{'body_part': 'palm', 'category': 'gesture', 'content': '29: "拇指右划"', 'speed': 'medium', 'trial_index': 53, 'start': 8177.087671206, 'end': 8177.113834226, 'duration_s': 0.026163020000240067, 'qualified': False}
{'body_part': 'palm', 'category': 'gesture', 'content': '14: "手指逆时针划圈"', 'speed': 'medium', 'trial_index': 54, 'start': 8177.140507568, 'end': 8177.165824386, 'duration_s': 0.025316817999737395, 'qualified': False}
{'body_part': 'palm', 'category': 'gesture', 'content': '27: "捏合放开（pinch up）"', 'speed': 'medium', 'trial_index': 55, 'start': 8177.191492894, 'end': 8177.217717637, 'duration_s': 0.02622474300005706, 'qualified': False}
{'body_part': 'palm', 'category': 'gesture', 'content': '3: "向左挥手"', 'speed': 'medium', 'trial_index': 56, 'start': 8177.24320107, 'end': 8177.268172503, 'duration_s': 0.024971432999336685, 'qualified': False}
{'body_part': 'palm', 'category': 'gesture', 'content': '2: "向下挥手"', 'speed': 'medium', 'trial_index': 57, 'start': 8177.294320724, 'end': 8177.320917935, 'duration_s': 0.02659721100008028, 'qualified': False}
{'body_part': 'palm', 'category': 'gesture', 'content': '10: "翻转手掌"', 'speed': 'medium', 'trial_index': 58, 'start': 8177.346539642, 'end': 8177.371642522, 'duration_s': 0.02510288000030414, 'qualified': False}
{'body_part': 'palm', 'category': 'gesture', 'content': '4: "向上挥手"', 'speed': 'medium', 'trial_index': 59, 'start': 8177.397136757, 'end': 8177.422827269, 'duration_s': 0.0256905119995281, 'qualified': False}
{'body_part': 'palm', 'category': 'gesture', 'content': '6: "桌面点击"', 'speed': 'medium', 'trial_index': 60, 'start': 8177.449082535, 'end': 8177.474265395, 'duration_s': 0.025182859999404172, 'qualified': False}
{'body_part': 'palm', 'category': 'gesture', 'content': '9: "握拳"', 'speed': 'medium', 'trial_index': 61, 'start': 8177.499713981, 'end': 8177.760992424, 'duration_s': 0.2612784429993553, 'qualified': False}
{'body_part': 'palm', 'category': 'gesture', 'content': '7: "向前推掌（停止）"', 'speed': 'medium', 'trial_index': 62, 'start': 8178.061110532, 'end': 8178.618412682, 'duration_s': 0.5573021499994866, 'qualified': True}
