{'body_part': 'board', 'category': 'number', 'content': '3', 'speed': 'medium', 'trial_index': 1, 'start': 7096.529485588, 'end': 7097.521127987, 'duration_s': 0.9916423989998293, 'qualified': True}
{'body_part': 'board', 'category': 'number', 'content': '8', 'speed': 'medium', 'trial_index': 2, 'start': 7097.521266688, 'end': 7098.583469286, 'duration_s': 1.0622025980001126, 'qualified': True}
{'body_part': 'board', 'category': 'number', 'content': '0', 'speed': 'medium', 'trial_index': 3, 'start': 7098.583481031, 'end': 7099.744142286, 'duration_s': 1.1606612550003774, 'qualified': True}
{'body_part': 'board', 'category': 'number', 'content': '9', 'speed': 'medium', 'trial_index': 4, 'start': 7099.744152485, 'end': 7100.90979717, 'duration_s': 1.1656446850001885, 'qualified': True}
{'body_part': 'board', 'category': 'number', 'content': '1', 'speed': 'medium', 'trial_index': 5, 'start': 7100.90980643, 'end': 7102.14154765, 'duration_s': 1.2317412200000035, 'qualified': True}
{'body_part': 'board', 'category': 'number', 'content': '6', 'speed': 'medium', 'trial_index': 6, 'start': 7102.141558304, 'end': 7103.236424924, 'duration_s': 1.0948666200001753, 'qualified': True}
{'body_part': 'board', 'category': 'number', 'content': '7', 'speed': 'medium', 'trial_index': 7, 'start': 7103.236433704, 'end': 7104.252143272, 'duration_s': 1.0157095679996928, 'qualified': True}
{'body_part': 'board', 'category': 'number', 'content': '4', 'speed': 'medium', 'trial_index': 8, 'start': 7104.252150483, 'end': 7104.506500854, 'duration_s': 0.2543503709994184, 'qualified': False}
{'body_part': 'board', 'category': 'number', 'content': '2', 'speed': 'medium', 'trial_index': 9, 'start': 7104.506525222, 'end': 7104.714129066, 'duration_s': 0.20760384400000476, 'qualified': False}
{'body_part': 'board', 'category': 'number', 'content': '5', 'speed': 'medium', 'trial_index': 10, 'start': 7104.71415571, 'end': 7104.931103145, 'duration_s': 0.2169474349993834, 'qualified': False}
{'body_part': 'board', 'category': 'number', 'content': '8', 'speed': 'medium', 'trial_index': 11, 'start': 7104.93112562, 'end': 7105.079306603, 'duration_s': 0.1481809830002021, 'qualified': False}
{'body_part': 'board', 'category': 'number', 'content': '2', 'speed': 'medium', 'trial_index': 12, 'start': 7105.079330923, 'end': 7105.29396805, 'duration_s': 0.21463712700006, 'qualified': False}
{'body_part': 'board', 'category': 'number', 'content': '1', 'speed': 'medium', 'trial_index': 13, 'start': 7105.294005126, 'end': 7105.473557114, 'duration_s': 0.17955198799973004, 'qualified': False}
{'body_part': 'board', 'category': 'number', 'content': '7', 'speed': 'medium', 'trial_index': 14, 'start': 7105.473579414, 'end': 7105.703857265, 'duration_s': 0.23027785100020992, 'qualified': False}
{'body_part': 'board', 'category': 'number', 'content': '5', 'speed': 'medium', 'trial_index': 15, 'start': 7105.70388019, 'end': 7105.895036882, 'duration_s': 0.19115669199982221, 'qualified': False}
{'body_part': 'board', 'category': 'number', 'content': '9', 'speed': 'medium', 'trial_index': 16, 'start': 7105.895050149, 'end': 7106.110330304, 'duration_s': 0.21528015500007314, 'qualified': False}
{'body_part': 'board', 'category': 'number', 'content': '4', 'speed': 'medium', 'trial_index': 17, 'start': 7106.11037297, 'end': 7106.281934936, 'duration_s': 0.17156196599989926, 'qualified': False}
{'body_part': 'board', 'category': 'number', 'content': '0', 'speed': 'medium', 'trial_index': 18, 'start': 7106.281969163, 'end': 7106.525214195, 'duration_s': 0.24324503200023173, 'qualified': False}
{'body_part': 'board', 'category': 'number', 'content': '6', 'speed': 'medium', 'trial_index': 19, 'start': 7106.525240004, 'end': 7106.681273861, 'duration_s': 0.1560338569997839, 'qualified': False}
{'body_part': 'board', 'category': 'number', 'content': '3', 'speed': 'medium', 'trial_index': 20, 'start': 7106.681296446, 'end': 7106.932319685, 'duration_s': 0.2510232390004603, 'qualified': False}
{'body_part': 'board', 'category': 'alphabet', 'content': 'f', 'speed': 'medium', 'trial_index': 1, 'start': 7115.324156572, 'end': 7116.292211225, 'duration_s': 0.9680546529998537, 'qualified': True}
{'body_part': 'board', 'category': 'alphabet', 'content': 'L', 'speed': 'medium', 'trial_index': 2, 'start': 7116.292219519, 'end': 7116.702514569, 'duration_s': 0.41029505000005884, 'qualified': True}
{'body_part': 'board', 'category': 'alphabet', 'content': 'X', 'speed': 'medium', 'trial_index': 3, 'start': 7116.70252401, 'end': 7116.727903006, 'duration_s': 0.025378995999744802, 'qualified': False}
{'body_part': 'board', 'category': 'alphabet', 'content': 'A', 'speed': 'medium', 'trial_index': 4, 'start': 7116.727931249, 'end': 7116.753707094, 'duration_s': 0.025775844999770925, 'qualified': False}
{'body_part': 'board', 'category': 'alphabet', 'content': 'R', 'speed': 'medium', 'trial_index': 5, 'start': 7116.753730023, 'end': 7116.781003597, 'duration_s': 0.02727357399999164, 'qualified': False}
{'body_part': 'board', 'category': 'alphabet', 'content': 'F', 'speed': 'medium', 'trial_index': 6, 'start': 7116.781028713, 'end': 7116.806822582, 'duration_s': 0.02579386900015379, 'qualified': False}
{'body_part': 'board', 'category': 'alphabet', 'content': 'j', 'speed': 'medium', 'trial_index': 7, 'start': 7116.806846335, 'end': 7116.833233679, 'duration_s': 0.02638734399988607, 'qualified': False}
{'body_part': 'board', 'category': 'alphabet', 'content': 'S', 'speed': 'medium', 'trial_index': 8, 'start': 7116.833258323, 'end': 7116.85890375, 'duration_s': 0.025645426999290066, 'qualified': False}
{'body_part': 'board', 'category': 'alphabet', 'content': 'W', 'speed': 'medium', 'trial_index': 9, 'start': 7116.858929459, 'end': 7116.884300275, 'duration_s': 0.025370815999849583, 'qualified': False}
{'body_part': 'board', 'category': 'alphabet', 'content': 'e', 'speed': 'medium', 'trial_index': 10, 'start': 7116.884324621, 'end': 7116.909696513, 'duration_s': 0.025371892000293883, 'qualified': False}
{'body_part': 'board', 'category': 'alphabet', 'content': 'g', 'speed': 'medium', 'trial_index': 11, 'start': 7116.909724289, 'end': 7116.935649577, 'duration_s': 0.025925287999598368, 'qualified': False}
{'body_part': 'board', 'category': 'alphabet', 'content': 'z', 'speed': 'medium', 'trial_index': 12, 'start': 7116.935673542, 'end': 7116.961617537, 'duration_s': 0.02594399500048894, 'qualified': False}
{'body_part': 'board', 'category': 'alphabet', 'content': 'M', 'speed': 'medium', 'trial_index': 13, 'start': 7116.961645886, 'end': 7116.986728017, 'duration_s': 0.025082131000090158, 'qualified': False}
{'body_part': 'board', 'category': 'alphabet', 'content': 'K', 'speed': 'medium', 'trial_index': 14, 'start': 7116.986883778, 'end': 7117.012376588, 'duration_s': 0.02549280999937764, 'qualified': False}
{'body_part': 'board', 'category': 'alphabet', 'content': 'y', 'speed': 'medium', 'trial_index': 15, 'start': 7117.012407215, 'end': 7117.037839203, 'duration_s': 0.025431987999581906, 'qualified': False}
{'body_part': 'board', 'category': 'alphabet', 'content': 'm', 'speed': 'medium', 'trial_index': 16, 'start': 7117.037862862, 'end': 7117.063397737, 'duration_s': 0.02553487499972107, 'qualified': False}
{'body_part': 'board', 'category': 'alphabet', 'content': 'H', 'speed': 'medium', 'trial_index': 17, 'start': 7117.063422267, 'end': 7117.088717684, 'duration_s': 0.02529541700005211, 'qualified': False}
{'body_part': 'board', 'category': 'alphabet', 'content': 'C', 'speed': 'medium', 'trial_index': 18, 'start': 7117.088761621, 'end': 7117.114627242, 'duration_s': 0.025865620999866223, 'qualified': False}
{'body_part': 'board', 'category': 'alphabet', 'content': 'w', 'speed': 'medium', 'trial_index': 19, 'start': 7117.114655347, 'end': 7117.140273969, 'duration_s': 0.025618622000365576, 'qualified': False}
{'body_part': 'board', 'category': 'alphabet', 'content': 'V', 'speed': 'medium', 'trial_index': 20, 'start': 7117.140295361, 'end': 7117.164993631, 'duration_s': 0.024698269999134936, 'qualified': False}
{'body_part': 'board', 'category': 'alphabet', 'content': 'v', 'speed': 'medium', 'trial_index': 21, 'start': 7117.165014717, 'end': 7117.190773963, 'duration_s': 0.025759245999324776, 'qualified': False}
{'body_part': 'board', 'category': 'alphabet', 'content': 'U', 'speed': 'medium', 'trial_index': 22, 'start': 7117.190798007, 'end': 7117.21640007, 'duration_s': 0.025602063000405906, 'qualified': False}
{'body_part': 'board', 'category': 'alphabet', 'content': 'D', 'speed': 'medium', 'trial_index': 23, 'start': 7117.216422809, 'end': 7117.242781278, 'duration_s': 0.026358469000115292, 'qualified': False}
{'body_part': 'board', 'category': 'alphabet', 'content': 'O', 'speed': 'medium', 'trial_index': 24, 'start': 7117.242808467, 'end': 7117.268931329, 'duration_s': 0.02612286200019298, 'qualified': False}
{'body_part': 'board', 'category': 'alphabet', 'content': 'B', 'speed': 'medium', 'trial_index': 25, 'start': 7117.268952189, 'end': 7117.294914325, 'duration_s': 0.02596213600008923, 'qualified': False}
{'body_part': 'board', 'category': 'alphabet', 'content': 'Q', 'speed': 'medium', 'trial_index': 26, 'start': 7117.294973307, 'end': 7117.321005186, 'duration_s': 0.026031878999674518, 'qualified': False}
{'body_part': 'board', 'category': 'alphabet', 'content': 'd', 'speed': 'medium', 'trial_index': 27, 'start': 7117.321031153, 'end': 7117.347395677, 'duration_s': 0.026364524000200618, 'qualified': False}
{'body_part': 'board', 'category': 'alphabet', 'content': 'u', 'speed': 'medium', 'trial_index': 28, 'start': 7117.347420443, 'end': 7117.372396608, 'duration_s': 0.024976164999316097, 'qualified': False}
{'body_part': 'board', 'category': 'alphabet', 'content': 'N', 'speed': 'medium', 'trial_index': 29, 'start': 7117.372424242, 'end': 7117.397629829, 'duration_s': 0.02520558699961839, 'qualified': False}
{'body_part': 'board', 'category': 'alphabet', 'content': 'x', 'speed': 'medium', 'trial_index': 30, 'start': 7117.397658797, 'end': 7117.423368417, 'duration_s': 0.02570962000027066, 'qualified': False}
{'body_part': 'board', 'category': 'alphabet', 'content': 'i', 'speed': 'medium', 'trial_index': 31, 'start': 7117.42339251, 'end': 7117.448316278, 'duration_s': 0.02492376800000784, 'qualified': False}
{'body_part': 'board', 'category': 'alphabet', 'content': 's', 'speed': 'medium', 'trial_index': 32, 'start': 7117.448340508, 'end': 7117.474177186, 'duration_s': 0.025836677999905078, 'qualified': False}
{'body_part': 'board', 'category': 'alphabet', 'content': 'I', 'speed': 'medium', 'trial_index': 33, 'start': 7117.474218503, 'end': 7117.500412726, 'duration_s': 0.02619422299994767, 'qualified': False}
{'body_part': 'board', 'category': 'alphabet', 'content': 'T', 'speed': 'medium', 'trial_index': 34, 'start': 7117.500443629, 'end': 7117.525431784, 'duration_s': 0.0249881549998463, 'qualified': False}
{'body_part': 'board', 'category': 'alphabet', 'content': 'o', 'speed': 'medium', 'trial_index': 35, 'start': 7117.525457353, 'end': 7117.55073342, 'duration_s': 0.025276067000049807, 'qualified': False}
{'body_part': 'board', 'category': 'alphabet', 'content': 'P', 'speed': 'medium', 'trial_index': 36, 'start': 7117.550757238, 'end': 7117.576666508, 'duration_s': 0.02590926999982912, 'qualified': False}
{'body_part': 'board', 'category': 'alphabet', 'content': 'a', 'speed': 'medium', 'trial_index': 37, 'start': 7117.576703594, 'end': 7117.603377927, 'duration_s': 0.026674333000300976, 'qualified': False}
{'body_part': 'board', 'category': 'alphabet', 'content': 'c', 'speed': 'medium', 'trial_index': 38, 'start': 7117.60340554, 'end': 7117.628753555, 'duration_s': 0.025348015000417945, 'qualified': False}
{'body_part': 'board', 'category': 'alphabet', 'content': 'h', 'speed': 'medium', 'trial_index': 39, 'start': 7117.628778553, 'end': 7117.654688987, 'duration_s': 0.025910433999342786, 'qualified': False}
{'body_part': 'board', 'category': 'alphabet', 'content': 'J', 'speed': 'medium', 'trial_index': 40, 'start': 7117.654717655, 'end': 7117.679575526, 'duration_s': 0.02485787099976733, 'qualified': False}
{'body_part': 'board', 'category': 'alphabet', 'content': 'n', 'speed': 'medium', 'trial_index': 41, 'start': 7117.679598558, 'end': 7117.705881896, 'duration_s': 0.026283338000212098, 'qualified': False}
{'body_part': 'board', 'category': 'alphabet', 'content': 'b', 'speed': 'medium', 'trial_index': 42, 'start': 7117.705911489, 'end': 7117.731398948, 'duration_s': 0.025487459000032686, 'qualified': False}
{'body_part': 'board', 'category': 'alphabet', 'content': 'G', 'speed': 'medium', 'trial_index': 43, 'start': 7117.731420877, 'end': 7117.756843158, 'duration_s': 0.025422280999919167, 'qualified': False}
{'body_part': 'board', 'category': 'alphabet', 'content': 'p', 'speed': 'medium', 'trial_index': 44, 'start': 7117.756870873, 'end': 7117.782169098, 'duration_s': 0.025298225000369712, 'qualified': False}
{'body_part': 'board', 'category': 'alphabet', 'content': 'Y', 'speed': 'medium', 'trial_index': 45, 'start': 7117.782193119, 'end': 7117.807213483, 'duration_s': 0.025020363999828987, 'qualified': False}
{'body_part': 'board', 'category': 'alphabet', 'content': 'l', 'speed': 'medium', 'trial_index': 46, 'start': 7117.807235601, 'end': 7117.832438054, 'duration_s': 0.025202453000019887, 'qualified': False}
{'body_part': 'board', 'category': 'alphabet', 'content': 'q', 'speed': 'medium', 'trial_index': 47, 'start': 7117.832463266, 'end': 7118.231823156, 'duration_s': 0.39935989000059635, 'qualified': False}
{'body_part': 'board', 'category': 'alphabet', 'content': 'k', 'speed': 'medium', 'trial_index': 48, 'start': 7118.231834407, 'end': 7118.425753352, 'duration_s': 0.19391894500040507, 'qualified': False}
{'body_part': 'board', 'category': 'alphabet', 'content': 'Z', 'speed': 'medium', 'trial_index': 49, 'start': 7118.425781565, 'end': 7118.744677439, 'duration_s': 0.3188958740001908, 'qualified': False}
{'body_part': 'board', 'category': 'alphabet', 'content': 'r', 'speed': 'medium', 'trial_index': 50, 'start': 7118.744694532, 'end': 7119.238492349, 'duration_s': 0.49379781700008607, 'qualified': True}
{'body_part': 'board', 'category': 'alphabet', 'content': 't', 'speed': 'medium', 'trial_index': 51, 'start': 7119.238501075, 'end': 7120.135607539, 'duration_s': 0.8971064639999895, 'qualified': True}
{'body_part': 'board', 'category': 'alphabet', 'content': 'E', 'speed': 'medium', 'trial_index': 52, 'start': 7120.135617653, 'end': 7121.041483762, 'duration_s': 0.9058661090002715, 'qualified': True}
{'body_part': 'board', 'category': 'word', 'content': 'monthly', 'speed': 'medium', 'trial_index': 1, 'start': 7123.600368465, 'end': 7124.010948647, 'duration_s': 0.41058018199964863, 'qualified': True}
{'body_part': 'board', 'category': 'word', 'content': 'pain', 'speed': 'medium', 'trial_index': 2, 'start': 7124.010963209, 'end': 7124.035818207, 'duration_s': 0.024854998000591877, 'qualified': False}
{'body_part': 'board', 'category': 'word', 'content': 'taxes', 'speed': 'medium', 'trial_index': 3, 'start': 7124.035846845, 'end': 7124.061663515, 'duration_s': 0.02581666999958543, 'qualified': False}
{'body_part': 'board', 'category': 'word', 'content': 'virginia', 'speed': 'medium', 'trial_index': 4, 'start': 7124.061683709, 'end': 7124.087225789, 'duration_s': 0.025542079999468115, 'qualified': False}
{'body_part': 'board', 'category': 'word', 'content': 'found', 'speed': 'medium', 'trial_index': 5, 'start': 7124.087247662, 'end': 7124.112104498, 'duration_s': 0.02485683600025368, 'qualified': False}
{'body_part': 'board', 'category': 'word', 'content': 'policy', 'speed': 'medium', 'trial_index': 6, 'start': 7124.112129051, 'end': 7124.1373885, 'duration_s': 0.025259449000259337, 'qualified': False}
{'body_part': 'board', 'category': 'word', 'content': 'cash', 'speed': 'medium', 'trial_index': 7, 'start': 7124.137412814, 'end': 7124.163083116, 'duration_s': 0.025670302000435186, 'qualified': False}
{'body_part': 'board', 'category': 'word', 'content': 'available', 'speed': 'medium', 'trial_index': 8, 'start': 7124.163110232, 'end': 7124.188207533, 'duration_s': 0.02509730100064189, 'qualified': False}
{'body_part': 'board', 'category': 'word', 'content': 'email', 'speed': 'medium', 'trial_index': 9, 'start': 7124.188230754, 'end': 7124.214169007, 'duration_s': 0.025938253000276745, 'qualified': False}
{'body_part': 'board', 'category': 'word', 'content': 'th', 'speed': 'medium', 'trial_index': 10, 'start': 7124.214191018, 'end': 7124.239659159, 'duration_s': 0.025468141000601463, 'qualified': False}
{'body_part': 'board', 'category': 'password', 'content': '357363', 'speed': 'medium', 'trial_index': 1, 'start': 7124.291928613, 'end': 7124.317614316, 'duration_s': 0.025685702999908244, 'qualified': False}
{'body_part': 'board', 'category': 'password', 'content': '049702', 'speed': 'medium', 'trial_index': 2, 'start': 7124.317636264, 'end': 7124.343914673, 'duration_s': 0.026278409000042302, 'qualified': False}
{'body_part': 'board', 'category': 'password', 'content': '174541', 'speed': 'medium', 'trial_index': 3, 'start': 7124.343941856, 'end': 7124.36947997, 'duration_s': 0.025538113999573397, 'qualified': False}
{'body_part': 'board', 'category': 'password', 'content': '182595', 'speed': 'medium', 'trial_index': 4, 'start': 7124.369503005, 'end': 7124.395018666, 'duration_s': 0.0255156610000995, 'qualified': False}
{'body_part': 'board', 'category': 'password', 'content': '903554', 'speed': 'medium', 'trial_index': 5, 'start': 7124.395050957, 'end': 7124.421041229, 'duration_s': 0.025990271999944525, 'qualified': False}
{'body_part': 'board', 'category': 'password', 'content': '533138', 'speed': 'medium', 'trial_index': 6, 'start': 7124.421055256, 'end': 7124.446165601, 'duration_s': 0.025110345000030065, 'qualified': False}
{'body_part': 'board', 'category': 'password', 'content': '833587', 'speed': 'medium', 'trial_index': 7, 'start': 7124.446175973, 'end': 7124.471374642, 'duration_s': 0.025198669000019436, 'qualified': False}
{'body_part': 'board', 'category': 'password', 'content': '879418', 'speed': 'medium', 'trial_index': 8, 'start': 7124.471395677, 'end': 7124.496682465, 'duration_s': 0.025286787999903027, 'qualified': False}
{'body_part': 'board', 'category': 'password', 'content': '498974', 'speed': 'medium', 'trial_index': 9, 'start': 7124.4967017, 'end': 7125.416021099, 'duration_s': 0.9193193990004147, 'qualified': True}
{'body_part': 'board', 'category': 'password', 'content': '208550', 'speed': 'medium', 'trial_index': 10, 'start': 7125.416029736, 'end': 7125.766080337, 'duration_s': 0.3500506009995661, 'qualified': False}
{'body_part': 'board', 'category': 'number', 'content': '1', 'speed': 'fast', 'trial_index': 1, 'start': 7129.500732709, 'end': 7130.075791364, 'duration_s': 0.5750586550002481, 'qualified': True}
{'body_part': 'board', 'category': 'number', 'content': '4', 'speed': 'fast', 'trial_index': 2, 'start': 7130.075801908, 'end': 7130.505483392, 'duration_s': 0.429681483999957, 'qualified': True}
{'body_part': 'board', 'category': 'number', 'content': '5', 'speed': 'fast', 'trial_index': 3, 'start': 7130.505494251, 'end': 7130.531473866, 'duration_s': 0.025979615000323975, 'qualified': False}
{'body_part': 'board', 'category': 'number', 'content': '2', 'speed': 'fast', 'trial_index': 4, 'start': 7130.531497038, 'end': 7130.557641614, 'duration_s': 0.026144575999751396, 'qualified': False}
{'body_part': 'board', 'category': 'number', 'content': '8', 'speed': 'fast', 'trial_index': 5, 'start': 7130.557666046, 'end': 7130.583334567, 'duration_s': 0.025668520999715838, 'qualified': False}
{'body_part': 'board', 'category': 'number', 'content': '7', 'speed': 'fast', 'trial_index': 6, 'start': 7130.583353113, 'end': 7130.607968801, 'duration_s': 0.024615688000267255, 'qualified': False}
{'body_part': 'board', 'category': 'number', 'content': '0', 'speed': 'fast', 'trial_index': 7, 'start': 7130.607983204, 'end': 7130.632651511, 'duration_s': 0.024668306999956258, 'qualified': False}
{'body_part': 'board', 'category': 'number', 'content': '6', 'speed': 'fast', 'trial_index': 8, 'start': 7130.632664086, 'end': 7130.65805933, 'duration_s': 0.02539524399981019, 'qualified': False}
{'body_part': 'board', 'category': 'number', 'content': '3', 'speed': 'fast', 'trial_index': 9, 'start': 7130.658089072, 'end': 7130.682518565, 'duration_s': 0.024429492999843205, 'qualified': False}
{'body_part': 'board', 'category': 'number', 'content': '9', 'speed': 'fast', 'trial_index': 10, 'start': 7130.682540673, 'end': 7130.709278525, 'duration_s': 0.026737851999314444, 'qualified': False}
{'body_part': 'board', 'category': 'number', 'content': '6', 'speed': 'fast', 'trial_index': 11, 'start': 7130.709307349, 'end': 7130.734210919, 'duration_s': 0.024903570000788022, 'qualified': False}
{'body_part': 'board', 'category': 'number', 'content': '8', 'speed': 'fast', 'trial_index': 12, 'start': 7130.734235447, 'end': 7130.760159916, 'duration_s': 0.02592446899961942, 'qualified': False}
{'body_part': 'board', 'category': 'number', 'content': '0', 'speed': 'fast', 'trial_index': 13, 'start': 7130.760181533, 'end': 7130.786039358, 'duration_s': 0.025857825000457524, 'qualified': False}
{'body_part': 'board', 'category': 'number', 'content': '5', 'speed': 'fast', 'trial_index': 14, 'start': 7130.786066078, 'end': 7130.811660572, 'duration_s': 0.025594493999960832, 'qualified': False}
{'body_part': 'board', 'category': 'number', 'content': '4', 'speed': 'fast', 'trial_index': 15, 'start': 7130.811685697, 'end': 7130.837687631, 'duration_s': 0.026001934000305482, 'qualified': False}
{'body_part': 'board', 'category': 'number', 'content': '1', 'speed': 'fast', 'trial_index': 16, 'start': 7130.837714382, 'end': 7130.8634648, 'duration_s': 0.025750417999915953, 'qualified': False}
{'body_part': 'board', 'category': 'number', 'content': '7', 'speed': 'fast', 'trial_index': 17, 'start': 7130.86348947, 'end': 7130.887978789, 'duration_s': 0.024489319000167598, 'qualified': False}
{'body_part': 'board', 'category': 'number', 'content': '3', 'speed': 'fast', 'trial_index': 18, 'start': 7130.888017253, 'end': 7130.913815045, 'duration_s': 0.025797792000048503, 'qualified': False}
{'body_part': 'board', 'category': 'number', 'content': '2', 'speed': 'fast', 'trial_index': 19, 'start': 7130.913837019, 'end': 7130.939047927, 'duration_s': 0.025210907999280607, 'qualified': False}
{'body_part': 'board', 'category': 'number', 'content': '9', 'speed': 'fast', 'trial_index': 20, 'start': 7130.939074112, 'end': 7130.964187984, 'duration_s': 0.025113872000474657, 'qualified': False}
