{'body_part': 'board', 'category': 'gesture', 'content': '5: "空中点击"', 'speed': 'medium', 'trial_index': 1, 'start': 8475.445968076, 'end': 8477.013583838, 'duration_s': 1.5676157620000595, 'qualified': True}
{'body_part': 'board', 'category': 'gesture', 'content': '10: "翻转手掌"', 'speed': 'medium', 'trial_index': 2, 'start': 8477.842628246, 'end': 8480.021382329, 'duration_s': 2.1787540829991485, 'qualified': True}
{'body_part': 'board', 'category': 'gesture', 'content': '12: "手腕逆时针划圈"', 'speed': 'medium', 'trial_index': 3, 'start': 8480.914668909, 'end': 8481.544726066, 'duration_s': 0.6300571570009197, 'qualified': True}
{'body_part': 'board', 'category': 'gesture', 'content': '9: "握拳"', 'speed': 'medium', 'trial_index': 4, 'start': 8482.511937878, 'end': 8483.256643603, 'duration_s': 0.7447057249992213, 'qualified': True}
{'body_part': 'board', 'category': 'gesture', 'content': '29: "拇指右划"', 'speed': 'medium', 'trial_index': 5, 'start': 8483.819366581, 'end': 8484.419955558, 'duration_s': 0.6005889770003705, 'qualified': True}
{'body_part': 'board', 'category': 'gesture', 'content': '20: "桌面左划"', 'speed': 'medium', 'trial_index': 6, 'start': 8485.53858553, 'end': 8486.233014594, 'duration_s': 0.6944290640003601, 'qualified': True}
{'body_part': 'board', 'category': 'gesture', 'content': '16: "打响指"', 'speed': 'medium', 'trial_index': 7, 'start': 8486.896104844, 'end': 8487.415540534, 'duration_s': 0.5194356900010462, 'qualified': True}
{'body_part': 'board', 'category': 'gesture', 'content': '14: "手指逆时针划圈"', 'speed': 'medium', 'trial_index': 8, 'start': 8487.896038086, 'end': 8488.346528308, 'duration_s': 0.45049022199964384, 'qualified': True}
{'body_part': 'board', 'category': 'gesture', 'content': '13: "手指顺时针划圈"', 'speed': 'medium', 'trial_index': 9, 'start': 8488.776145849, 'end': 8489.177404458, 'duration_s': 0.40125860899934196, 'qualified': True}
{'body_part': 'board', 'category': 'gesture', 'content': '26: "捏合捏住（pinch down）"', 'speed': 'medium', 'trial_index': 10, 'start': 8489.596223425, 'end': 8490.099730923, 'duration_s': 0.5035074980005447, 'qualified': True}
{'body_part': 'board', 'category': 'gesture', 'content': '18: "拇指中指捏合"', 'speed': 'medium', 'trial_index': 11, 'start': 8490.493507192, 'end': 8490.861400836, 'duration_s': 0.3678936439991958, 'qualified': False}
{'body_part': 'board', 'category': 'gesture', 'content': '6: "桌面点击"', 'speed': 'medium', 'trial_index': 12, 'start': 8491.784118013, 'end': 8492.178071918, 'duration_s': 0.3939539050006715, 'qualified': False}
{'body_part': 'board', 'category': 'gesture', 'content': '27: "捏合放开（pinch up）"', 'speed': 'medium', 'trial_index': 13, 'start': 8492.601067847, 'end': 8492.952871962, 'duration_s': 0.35180411500004993, 'qualified': False}
{'body_part': 'board', 'category': 'gesture', 'content': '23: "桌面下划"', 'speed': 'medium', 'trial_index': 14, 'start': 8493.364806991, 'end': 8493.721473833, 'duration_s': 0.35666684200077725, 'qualified': False}
{'body_part': 'board', 'category': 'gesture', 'content': '24: "戒指表面上划"', 'speed': 'medium', 'trial_index': 15, 'start': 8494.127757203, 'end': 8494.493539403, 'duration_s': 0.36578220000046713, 'qualified': False}
{'body_part': 'board', 'category': 'gesture', 'content': '3: "向左挥手"', 'speed': 'medium', 'trial_index': 16, 'start': 8494.88284386, 'end': 8499.485637373, 'duration_s': 4.602793513000506, 'qualified': True}
{'body_part': 'board', 'category': 'gesture', 'content': '4: "向上挥手"', 'speed': 'medium', 'trial_index': 17, 'start': 8502.285009202, 'end': 8504.389960301, 'duration_s': 2.1049510989996634, 'qualified': True}
{'body_part': 'board', 'category': 'gesture', 'content': '8: "双指捏合（pinch）"', 'speed': 'medium', 'trial_index': 18, 'start': 8505.815756156, 'end': 8507.279558369, 'duration_s': 1.4638022130002355, 'qualified': True}
{'body_part': 'board', 'category': 'gesture', 'content': '17: "竖大拇指"', 'speed': 'medium', 'trial_index': 19, 'start': 8509.478160628, 'end': 8510.876404335, 'duration_s': 1.3982437070008018, 'qualified': True}
{'body_part': 'board', 'category': 'gesture', 'content': '2: "向下挥手"', 'speed': 'medium', 'trial_index': 20, 'start': 8511.917438383, 'end': 8512.827962516, 'duration_s': 0.9105241329998535, 'qualified': True}
{'body_part': 'board', 'category': 'gesture', 'content': '11: "手腕顺时针划圈"', 'speed': 'medium', 'trial_index': 21, 'start': 8515.864710954, 'end': 8517.858246107, 'duration_s': 1.9935351530002663, 'qualified': True}
{'body_part': 'board', 'category': 'gesture', 'content': '25: "戒指表面下划"', 'speed': 'medium', 'trial_index': 22, 'start': 8519.050965258, 'end': 8520.81255607, 'duration_s': 1.761590811998758, 'qualified': True}
{'body_part': 'board', 'category': 'gesture', 'content': '7: "向前推掌（停止）"', 'speed': 'medium', 'trial_index': 23, 'start': 8521.827344079, 'end': 8523.357014906, 'duration_s': 1.5296708269997907, 'qualified': True}
{'body_part': 'board', 'category': 'gesture', 'content': '28: "拇指左划“', 'speed': 'medium', 'trial_index': 24, 'start': 8524.384314305, 'end': 8525.502385844, 'duration_s': 1.1180715390000842, 'qualified': True}
{'body_part': 'board', 'category': 'gesture', 'content': '31: "拇指下划"', 'speed': 'medium', 'trial_index': 25, 'start': 8526.06091501, 'end': 8526.312801993, 'duration_s': 0.2518869830000767, 'qualified': False}
{'body_part': 'board', 'category': 'gesture', 'content': '30: "拇指上划"', 'speed': 'medium', 'trial_index': 26, 'start': 8526.491295405, 'end': 8526.654972869, 'duration_s': 0.16367746400101169, 'qualified': False}
{'body_part': 'board', 'category': 'gesture', 'content': '22: "桌面上划"', 'speed': 'medium', 'trial_index': 27, 'start': 8526.866172282, 'end': 8527.089341358, 'duration_s': 0.22316907599997649, 'qualified': False}
{'body_part': 'board', 'category': 'gesture', 'content': '19: "拇指无名指捏合"', 'speed': 'medium', 'trial_index': 28, 'start': 8527.288584096, 'end': 8527.738748814, 'duration_s': 0.4501647179986321, 'qualified': True}
{'body_part': 'board', 'category': 'gesture', 'content': '21: "桌面右划"', 'speed': 'medium', 'trial_index': 29, 'start': 8528.130480386, 'end': 8528.475150066, 'duration_s': 0.34466968000015186, 'qualified': False}
{'body_part': 'board', 'category': 'gesture', 'content': '15: "拍手"', 'speed': 'medium', 'trial_index': 30, 'start': 8528.93207861, 'end': 8529.308628988, 'duration_s': 0.37655037799959246, 'qualified': False}
{'body_part': 'board', 'category': 'gesture', 'content': '1: "向右挥手"', 'speed': 'medium', 'trial_index': 31, 'start': 8529.647272974, 'end': 8529.989990396, 'duration_s': 0.3427174219996232, 'qualified': False}
{'body_part': 'board', 'category': 'gesture', 'content': '8: "双指捏合（pinch）"', 'speed': 'fast', 'trial_index': 1, 'start': 8540.741371129, 'end': 8541.630578578, 'duration_s': 0.8892074490013329, 'qualified': True}
{'body_part': 'board', 'category': 'gesture', 'content': '9: "握拳"', 'speed': 'fast', 'trial_index': 2, 'start': 8542.715644404, 'end': 8543.486916642, 'duration_s': 0.7712722380001651, 'qualified': True}
{'body_part': 'board', 'category': 'gesture', 'content': '23: "桌面下划"', 'speed': 'fast', 'trial_index': 3, 'start': 8544.043929886, 'end': 8544.560464708, 'duration_s': 0.5165348219998123, 'qualified': True}
{'body_part': 'board', 'category': 'gesture', 'content': '14: "手指逆时针划圈"', 'speed': 'fast', 'trial_index': 4, 'start': 8545.037437765, 'end': 8545.787793436, 'duration_s': 0.750355670999852, 'qualified': True}
{'body_part': 'board', 'category': 'gesture', 'content': '29: "拇指右划"', 'speed': 'fast', 'trial_index': 5, 'start': 8546.325331702, 'end': 8546.853900127, 'duration_s': 0.528568424999321, 'qualified': True}
{'body_part': 'board', 'category': 'gesture', 'content': '12: "手腕逆时针划圈"', 'speed': 'fast', 'trial_index': 6, 'start': 8547.456400219, 'end': 8548.186534407, 'duration_s': 0.7301341879992833, 'qualified': True}
{'body_part': 'board', 'category': 'gesture', 'content': '11: "手腕顺时针划圈"', 'speed': 'fast', 'trial_index': 7, 'start': 8548.783653393, 'end': 8549.655776406, 'duration_s': 0.8721230129995092, 'qualified': True}
{'body_part': 'board', 'category': 'gesture', 'content': '19: "拇指无名指捏合"', 'speed': 'fast', 'trial_index': 8, 'start': 8552.118961333, 'end': 8552.659961967, 'duration_s': 0.5410006339989195, 'qualified': True}
{'body_part': 'board', 'category': 'gesture', 'content': '30: "拇指上划"', 'speed': 'fast', 'trial_index': 9, 'start': 8553.093289345, 'end': 8553.573282601, 'duration_s': 0.47999325599994336, 'qualified': True}
{'body_part': 'board', 'category': 'gesture', 'content': '25: "戒指表面下划"', 'speed': 'fast', 'trial_index': 10, 'start': 8554.004965662, 'end': 8554.231269662, 'duration_s': 0.2263039999998, 'qualified': False}
{'body_part': 'board', 'category': 'gesture', 'content': '15: "拍手"', 'speed': 'fast', 'trial_index': 11, 'start': 8556.027615677, 'end': 8556.460356323, 'duration_s': 0.43274064599972917, 'qualified': True}
{'body_part': 'board', 'category': 'gesture', 'content': '31: "拇指下划"', 'speed': 'fast', 'trial_index': 12, 'start': 8556.485967607, 'end': 8556.511729932, 'duration_s': 0.025762325001778663, 'qualified': False}
{'body_part': 'board', 'category': 'gesture', 'content': '21: "桌面右划"', 'speed': 'fast', 'trial_index': 13, 'start': 8556.538317068, 'end': 8556.564100988, 'duration_s': 0.025783920000321814, 'qualified': False}
{'body_part': 'board', 'category': 'gesture', 'content': '3: "向左挥手"', 'speed': 'fast', 'trial_index': 14, 'start': 8556.590309897, 'end': 8556.615617325, 'duration_s': 0.02530742800081498, 'qualified': False}
{'body_part': 'board', 'category': 'gesture', 'content': '16: "打响指"', 'speed': 'fast', 'trial_index': 15, 'start': 8556.641166416, 'end': 8556.66739057, 'duration_s': 0.026224154000374256, 'qualified': False}
{'body_part': 'board', 'category': 'gesture', 'content': '1: "向右挥手"', 'speed': 'fast', 'trial_index': 16, 'start': 8556.691920706, 'end': 8556.717684263, 'duration_s': 0.025763556999663706, 'qualified': False}
{'body_part': 'board', 'category': 'gesture', 'content': '24: "戒指表面上划"', 'speed': 'fast', 'trial_index': 17, 'start': 8556.742266575, 'end': 8556.767933278, 'duration_s': 0.025666703000752022, 'qualified': False}
{'body_part': 'board', 'category': 'gesture', 'content': '18: "拇指中指捏合"', 'speed': 'fast', 'trial_index': 18, 'start': 8556.793139186, 'end': 8556.818535597, 'duration_s': 0.025396410999746877, 'qualified': False}
{'body_part': 'board', 'category': 'gesture', 'content': '26: "捏合捏住（pinch down）"', 'speed': 'fast', 'trial_index': 19, 'start': 8556.844148653, 'end': 8556.869451935, 'duration_s': 0.02530328200009535, 'qualified': False}
{'body_part': 'board', 'category': 'gesture', 'content': '7: "向前推掌（停止）"', 'speed': 'fast', 'trial_index': 20, 'start': 8556.895085342, 'end': 8556.920980217, 'duration_s': 0.02589487500154064, 'qualified': False}
{'body_part': 'board', 'category': 'gesture', 'content': '27: "捏合放开（pinch up）"', 'speed': 'fast', 'trial_index': 21, 'start': 8556.946704017, 'end': 8556.972686222, 'duration_s': 0.025982204999309033, 'qualified': False}
{'body_part': 'board', 'category': 'gesture', 'content': '2: "向下挥手"', 'speed': 'fast', 'trial_index': 22, 'start': 8556.998842822, 'end': 8557.024536259, 'duration_s': 0.025693436999063124, 'qualified': False}
{'body_part': 'board', 'category': 'gesture', 'content': '4: "向上挥手"', 'speed': 'fast', 'trial_index': 23, 'start': 8557.049768823, 'end': 8557.07603551, 'duration_s': 0.02626668699849688, 'qualified': False}
{'body_part': 'board', 'category': 'gesture', 'content': '6: "桌面点击"', 'speed': 'fast', 'trial_index': 24, 'start': 8557.101581738, 'end': 8557.126813813, 'duration_s': 0.02523207500053104, 'qualified': False}
{'body_part': 'board', 'category': 'gesture', 'content': '20: "桌面左划"', 'speed': 'fast', 'trial_index': 25, 'start': 8557.152207884, 'end': 8557.178113917, 'duration_s': 0.025906032999046147, 'qualified': False}
{'body_part': 'board', 'category': 'gesture', 'content': '17: "竖大拇指"', 'speed': 'fast', 'trial_index': 26, 'start': 8557.20321099, 'end': 8557.228535225, 'duration_s': 0.025324235000880435, 'qualified': False}
{'body_part': 'board', 'category': 'gesture', 'content': '5: "空中点击"', 'speed': 'fast', 'trial_index': 27, 'start': 8557.253719109, 'end': 8557.278896377, 'duration_s': 0.025177268000334152, 'qualified': False}
{'body_part': 'board', 'category': 'gesture', 'content': '13: "手指顺时针划圈"', 'speed': 'fast', 'trial_index': 28, 'start': 8557.304906984, 'end': 8557.330093573, 'duration_s': 0.025186589000441018, 'qualified': False}
{'body_part': 'board', 'category': 'gesture', 'content': '28: "拇指左划“', 'speed': 'fast', 'trial_index': 29, 'start': 8557.355016157, 'end': 8557.380297664, 'duration_s': 0.025281506999817793, 'qualified': False}
{'body_part': 'board', 'category': 'gesture', 'content': '22: "桌面上划"', 'speed': 'fast', 'trial_index': 30, 'start': 8557.405147737, 'end': 8557.430797283, 'duration_s': 0.025649545999840484, 'qualified': False}
{'body_part': 'board', 'category': 'gesture', 'content': '10: "翻转手掌"', 'speed': 'fast', 'trial_index': 31, 'start': 8557.821621298, 'end': 8558.246803336, 'duration_s': 0.4251820379995479, 'qualified': True}
