{'body_part': 'board', 'category': 'gesture', 'content': '17: "竖大拇指"', 'speed': 'medium', 'trial_index': 1, 'start': 158.141013979, 'end': 159.962054822, 'duration_s': 1.8210408429999916, 'qualified': True}
{'body_part': 'board', 'category': 'gesture', 'content': '30: "拇指上划"', 'speed': 'medium', 'trial_index': 2, 'start': 161.553584418, 'end': 162.586833356, 'duration_s': 1.0332489379999856, 'qualified': True}
{'body_part': 'board', 'category': 'gesture', 'content': '8: "双指捏合（pinch）"', 'speed': 'medium', 'trial_index': 3, 'start': 166.04380993, 'end': 166.698653793, 'duration_s': 0.6548438629999964, 'qualified': True}
{'body_part': 'board', 'category': 'gesture', 'content': '28: "拇指左划“', 'speed': 'medium', 'trial_index': 4, 'start': 167.374399537, 'end': 167.776026532, 'duration_s': 0.4016269950000151, 'qualified': True}
{'body_part': 'board', 'category': 'gesture', 'content': '22: "桌面上划"', 'speed': 'medium', 'trial_index': 5, 'start': 167.801514037, 'end': 167.827709987, 'duration_s': 0.026195949999987533, 'qualified': False}
{'body_part': 'board', 'category': 'gesture', 'content': '12: "手腕逆时针划圈"', 'speed': 'medium', 'trial_index': 6, 'start': 167.852919911, 'end': 167.878944599, 'duration_s': 0.02602468800000679, 'qualified': False}
{'body_part': 'board', 'category': 'gesture', 'content': '18: "拇指中指捏合"', 'speed': 'medium', 'trial_index': 7, 'start': 167.903523479, 'end': 167.929008308, 'duration_s': 0.025484828999992715, 'qualified': False}
{'body_part': 'board', 'category': 'gesture', 'content': '29: "拇指右划"', 'speed': 'medium', 'trial_index': 8, 'start': 167.954807608, 'end': 167.98080241, 'duration_s': 0.025994801999985384, 'qualified': False}
{'body_part': 'board', 'category': 'gesture', 'content': '27: "捏合放开（pinch up）"', 'speed': 'medium', 'trial_index': 9, 'start': 168.006232237, 'end': 168.032359604, 'duration_s': 0.026127366999986634, 'qualified': False}
{'body_part': 'board', 'category': 'gesture', 'content': '25: "戒指表面下划"', 'speed': 'medium', 'trial_index': 10, 'start': 168.058658424, 'end': 168.083721119, 'duration_s': 0.025062695000002577, 'qualified': False}
{'body_part': 'board', 'category': 'gesture', 'content': '10: "翻转手掌"', 'speed': 'medium', 'trial_index': 11, 'start': 168.109886991, 'end': 168.135891305, 'duration_s': 0.026004314000005024, 'qualified': False}
{'body_part': 'board', 'category': 'gesture', 'content': '4: "向上挥手"', 'speed': 'medium', 'trial_index': 12, 'start': 168.161187282, 'end': 168.186313852, 'duration_s': 0.02512657000002605, 'qualified': False}
{'body_part': 'board', 'category': 'gesture', 'content': '23: "桌面下划"', 'speed': 'medium', 'trial_index': 13, 'start': 168.211939027, 'end': 168.237141506, 'duration_s': 0.02520247900000072, 'qualified': False}
{'body_part': 'board', 'category': 'gesture', 'content': '3: "向左挥手"', 'speed': 'medium', 'trial_index': 14, 'start': 168.262131243, 'end': 168.287088287, 'duration_s': 0.024957043999989992, 'qualified': False}
{'body_part': 'board', 'category': 'gesture', 'content': '26: "捏合捏住（pinch down）"', 'speed': 'medium', 'trial_index': 15, 'start': 168.311665755, 'end': 168.337339416, 'duration_s': 0.025673660999984804, 'qualified': False}
{'body_part': 'board', 'category': 'gesture', 'content': '31: "拇指下划"', 'speed': 'medium', 'trial_index': 16, 'start': 168.363037531, 'end': 168.387766187, 'duration_s': 0.02472865600000773, 'qualified': False}
{'body_part': 'board', 'category': 'gesture', 'content': '6: "桌面点击"', 'speed': 'medium', 'trial_index': 17, 'start': 168.413292206, 'end': 168.439612017, 'duration_s': 0.026319811000007576, 'qualified': False}
{'body_part': 'board', 'category': 'gesture', 'content': '2: "向下挥手"', 'speed': 'medium', 'trial_index': 18, 'start': 168.464772915, 'end': 168.489701831, 'duration_s': 0.02492891599999325, 'qualified': False}
{'body_part': 'board', 'category': 'gesture', 'content': '11: "手腕顺时针划圈"', 'speed': 'medium', 'trial_index': 19, 'start': 168.514995995, 'end': 168.539288051, 'duration_s': 0.02429205600000728, 'qualified': False}
{'body_part': 'board', 'category': 'gesture', 'content': '20: "桌面左划"', 'speed': 'medium', 'trial_index': 20, 'start': 168.564672765, 'end': 168.590455017, 'duration_s': 0.025782251999999062, 'qualified': False}
{'body_part': 'board', 'category': 'gesture', 'content': '19: "拇指无名指捏合"', 'speed': 'medium', 'trial_index': 21, 'start': 168.616271466, 'end': 168.642422725, 'duration_s': 0.02615125899998816, 'qualified': False}
{'body_part': 'board', 'category': 'gesture', 'content': '1: "向右挥手"', 'speed': 'medium', 'trial_index': 22, 'start': 168.66827063, 'end': 168.693360782, 'duration_s': 0.025090152000018406, 'qualified': False}
{'body_part': 'board', 'category': 'gesture', 'content': '14: "手指逆时针划圈"', 'speed': 'medium', 'trial_index': 23, 'start': 168.718519601, 'end': 168.744194933, 'duration_s': 0.025675331999991613, 'qualified': False}
{'body_part': 'board', 'category': 'gesture', 'content': '21: "桌面右划"', 'speed': 'medium', 'trial_index': 24, 'start': 168.76912845, 'end': 168.794521727, 'duration_s': 0.025393276999977843, 'qualified': False}
{'body_part': 'board', 'category': 'gesture', 'content': '13: "手指顺时针划圈"', 'speed': 'medium', 'trial_index': 25, 'start': 168.820572873, 'end': 168.846875101, 'duration_s': 0.0263022279999916, 'qualified': False}
{'body_part': 'board', 'category': 'gesture', 'content': '24: "戒指表面上划"', 'speed': 'medium', 'trial_index': 26, 'start': 168.872012758, 'end': 168.897204924, 'duration_s': 0.025192165999982308, 'qualified': False}
{'body_part': 'board', 'category': 'gesture', 'content': '9: "握拳"', 'speed': 'medium', 'trial_index': 27, 'start': 168.921445741, 'end': 168.947663437, 'duration_s': 0.02621769599997492, 'qualified': False}
{'body_part': 'board', 'category': 'gesture', 'content': '7: "向前推掌（停止）"', 'speed': 'medium', 'trial_index': 28, 'start': 169.20220579, 'end': 169.388096177, 'duration_s': 0.1858903870000006, 'qualified': False}
{'body_part': 'board', 'category': 'gesture', 'content': '16: "打响指"', 'speed': 'medium', 'trial_index': 29, 'start': 169.688784445, 'end': 169.910015357, 'duration_s': 0.22123091199998157, 'qualified': False}
{'body_part': 'board', 'category': 'gesture', 'content': '15: "拍手"', 'speed': 'medium', 'trial_index': 30, 'start': 170.199942796, 'end': 170.490481389, 'duration_s': 0.29053859300000795, 'qualified': False}
{'body_part': 'board', 'category': 'gesture', 'content': '5: "空中点击"', 'speed': 'medium', 'trial_index': 31, 'start': 170.794198054, 'end': 171.130496412, 'duration_s': 0.33629835800002184, 'qualified': False}
{'body_part': 'board', 'category': 'gesture', 'content': '22: "桌面上划"', 'speed': 'fast', 'trial_index': 1, 'start': 172.916931566, 'end': 173.514420859, 'duration_s': 0.5974892930000237, 'qualified': True}
{'body_part': 'board', 'category': 'gesture', 'content': '29: "拇指右划"', 'speed': 'fast', 'trial_index': 2, 'start': 173.946445253, 'end': 173.97147742, 'duration_s': 0.02503216700000621, 'qualified': False}
{'body_part': 'board', 'category': 'gesture', 'content': '27: "捏合放开（pinch up）"', 'speed': 'fast', 'trial_index': 3, 'start': 173.996514955, 'end': 174.021783201, 'duration_s': 0.025268245999995997, 'qualified': False}
{'body_part': 'board', 'category': 'gesture', 'content': '21: "桌面右划"', 'speed': 'fast', 'trial_index': 4, 'start': 174.047625092, 'end': 174.07275189, 'duration_s': 0.02512679800000228, 'qualified': False}
{'body_part': 'board', 'category': 'gesture', 'content': '1: "向右挥手"', 'speed': 'fast', 'trial_index': 5, 'start': 174.09899733, 'end': 174.123807765, 'duration_s': 0.024810435000006237, 'qualified': False}
{'body_part': 'board', 'category': 'gesture', 'content': '31: "拇指下划"', 'speed': 'fast', 'trial_index': 6, 'start': 174.148795092, 'end': 174.174645992, 'duration_s': 0.02585089999999468, 'qualified': False}
{'body_part': 'board', 'category': 'gesture', 'content': '16: "打响指"', 'speed': 'fast', 'trial_index': 7, 'start': 174.200563602, 'end': 174.226579624, 'duration_s': 0.02601602200002162, 'qualified': False}
{'body_part': 'board', 'category': 'gesture', 'content': '6: "桌面点击"', 'speed': 'fast', 'trial_index': 8, 'start': 174.251838569, 'end': 174.276899408, 'duration_s': 0.02506083899999112, 'qualified': False}
{'body_part': 'board', 'category': 'gesture', 'content': '4: "向上挥手"', 'speed': 'fast', 'trial_index': 9, 'start': 174.301814399, 'end': 174.326952552, 'duration_s': 0.02513815300000033, 'qualified': False}
{'body_part': 'board', 'category': 'gesture', 'content': '3: "向左挥手"', 'speed': 'fast', 'trial_index': 10, 'start': 174.352606523, 'end': 174.378466549, 'duration_s': 0.0258600260000037, 'qualified': False}
{'body_part': 'board', 'category': 'gesture', 'content': '5: "空中点击"', 'speed': 'fast', 'trial_index': 11, 'start': 174.404322623, 'end': 174.429821608, 'duration_s': 0.025498984999984486, 'qualified': False}
{'body_part': 'board', 'category': 'gesture', 'content': '17: "竖大拇指"', 'speed': 'fast', 'trial_index': 12, 'start': 174.455721138, 'end': 174.481466028, 'duration_s': 0.025744889999998577, 'qualified': False}
{'body_part': 'board', 'category': 'gesture', 'content': '24: "戒指表面上划"', 'speed': 'fast', 'trial_index': 13, 'start': 174.506895459, 'end': 174.531688921, 'duration_s': 0.024793462000019417, 'qualified': False}
{'body_part': 'board', 'category': 'gesture', 'content': '18: "拇指中指捏合"', 'speed': 'fast', 'trial_index': 14, 'start': 174.556442761, 'end': 174.581503027, 'duration_s': 0.025060265999997, 'qualified': False}
{'body_part': 'board', 'category': 'gesture', 'content': '9: "握拳"', 'speed': 'fast', 'trial_index': 15, 'start': 174.607459023, 'end': 174.632863363, 'duration_s': 0.025404340000022785, 'qualified': False}
{'body_part': 'board', 'category': 'gesture', 'content': '23: "桌面下划"', 'speed': 'fast', 'trial_index': 16, 'start': 174.659134465, 'end': 174.684418782, 'duration_s': 0.025284317000000556, 'qualified': False}
{'body_part': 'board', 'category': 'gesture', 'content': '7: "向前推掌（停止）"', 'speed': 'fast', 'trial_index': 17, 'start': 174.710959855, 'end': 174.736536847, 'duration_s': 0.025576991999997745, 'qualified': False}
{'body_part': 'board', 'category': 'gesture', 'content': '15: "拍手"', 'speed': 'fast', 'trial_index': 18, 'start': 174.761430716, 'end': 174.786927748, 'duration_s': 0.025497032000004083, 'qualified': False}
{'body_part': 'board', 'category': 'gesture', 'content': '28: "拇指左划“', 'speed': 'fast', 'trial_index': 19, 'start': 174.81197191, 'end': 174.837242198, 'duration_s': 0.02527028800000153, 'qualified': False}
{'body_part': 'board', 'category': 'gesture', 'content': '14: "手指逆时针划圈"', 'speed': 'fast', 'trial_index': 20, 'start': 174.861676901, 'end': 174.88703585, 'duration_s': 0.025358948999979702, 'qualified': False}
{'body_part': 'board', 'category': 'gesture', 'content': '8: "双指捏合（pinch）"', 'speed': 'fast', 'trial_index': 21, 'start': 174.912162594, 'end': 174.937649187, 'duration_s': 0.02548659300001077, 'qualified': False}
{'body_part': 'board', 'category': 'gesture', 'content': '20: "桌面左划"', 'speed': 'fast', 'trial_index': 22, 'start': 174.962609593, 'end': 174.98831357, 'duration_s': 0.02570397700000626, 'qualified': False}
{'body_part': 'board', 'category': 'gesture', 'content': '10: "翻转手掌"', 'speed': 'fast', 'trial_index': 23, 'start': 175.012882967, 'end': 175.322155061, 'duration_s': 0.30927209399999356, 'qualified': False}
{'body_part': 'board', 'category': 'gesture', 'content': '25: "戒指表面下划"', 'speed': 'fast', 'trial_index': 24, 'start': 175.534492211, 'end': 175.742008576, 'duration_s': 0.20751636499997517, 'qualified': False}
{'body_part': 'board', 'category': 'gesture', 'content': '2: "向下挥手"', 'speed': 'fast', 'trial_index': 25, 'start': 176.386757752, 'end': 176.6635631, 'duration_s': 0.27680534800001055, 'qualified': False}
{'body_part': 'board', 'category': 'gesture', 'content': '13: "手指顺时针划圈"', 'speed': 'fast', 'trial_index': 26, 'start': 176.935194236, 'end': 177.215358908, 'duration_s': 0.28016467200001216, 'qualified': False}
{'body_part': 'board', 'category': 'gesture', 'content': '26: "捏合捏住（pinch down）"', 'speed': 'fast', 'trial_index': 27, 'start': 177.47629615, 'end': 177.76154422, 'duration_s': 0.2852480699999944, 'qualified': False}
{'body_part': 'board', 'category': 'gesture', 'content': '30: "拇指上划"', 'speed': 'fast', 'trial_index': 28, 'start': 178.163308254, 'end': 178.905195449, 'duration_s': 0.7418871950000039, 'qualified': True}
{'body_part': 'board', 'category': 'gesture', 'content': '11: "手腕顺时针划圈"', 'speed': 'fast', 'trial_index': 29, 'start': 179.403112602, 'end': 179.703770266, 'duration_s': 0.30065766399999916, 'qualified': False}
{'body_part': 'board', 'category': 'gesture', 'content': '12: "手腕逆时针划圈"', 'speed': 'fast', 'trial_index': 30, 'start': 179.958037532, 'end': 180.149396013, 'duration_s': 0.19135848100000885, 'qualified': False}
{'body_part': 'board', 'category': 'gesture', 'content': '19: "拇指无名指捏合"', 'speed': 'fast', 'trial_index': 31, 'start': 180.395017798, 'end': 180.73969581, 'duration_s': 0.3446780120000028, 'qualified': False}
